<?xml version="1.0" encoding="UTF-8"?>
<!-- Generated by org.testng.reporters.JUnitXMLReporter -->
<testsuite ignored="0" hostname="DESKTOP-JAQ1CI6" failures="4" tests="66" name="Test" time="157.374" errors="0" timestamp="2025-03-25T16:54:37 IST">
  <testcase classname="LinkHive.LinkHive.SignUpTest" name="getCurrentUrl" time="0.022"/>
  <testcase classname="LinkHive.LinkHive.SignUpTest" name="getCurrentTitle" time="0.015"/>
  <testcase classname="LinkHive.LinkHive.SignUpTest" name="verify_LinkHive_Logo" time="0.055"/>
  <testcase classname="LinkHive.LinkHive.SignUpTest" name="verify_SignUpText" time="0.042"/>
  <testcase classname="LinkHive.LinkHive.SignUpTest" name="verify_firstNameLabel_Spelling" time="0.031"/>
  <testcase classname="LinkHive.LinkHive.SignUpTest" name="verify_firstNamePlaceHolder_Spelling" time="0.037"/>
  <testcase classname="LinkHive.LinkHive.SignUpTest" name="verify_firstNameEnableOrNot" time="0.037"/>
  <testcase classname="LinkHive.LinkHive.SignUpTest" name="verify_lastNameLebel_Spelling" time="0.041"/>
  <testcase classname="LinkHive.LinkHive.SignUpTest" name="verify_lastNamePlaceHolder_Spelling" time="0.028"/>
  <testcase classname="LinkHive.LinkHive.SignUpTest" name="verify_lastNameEnableOrNot" time="0.028"/>
  <testcase classname="LinkHive.LinkHive.SignUpTest" name="verify_emailLabel_Spelling" time="0.032"/>
  <testcase classname="LinkHive.LinkHive.SignUpTest" name="verify_emailPlaceHolder_Spelling" time="0.027"/>
  <testcase classname="LinkHive.LinkHive.SignUpTest" name="verify_emailEnableOrNot" time="0.027"/>
  <testcase classname="LinkHive.LinkHive.SignUpTest" name="verify_passwordLabel_Spelling" time="0.031"/>
  <testcase classname="LinkHive.LinkHive.SignUpTest" name="verify_passwordPlaceHolder_Spelling" time="0.025"/>
  <testcase classname="LinkHive.LinkHive.SignUpTest" name="verify_passwordEnableOrNot" time="0.025"/>
  <testcase classname="LinkHive.LinkHive.SignUpTest" name="verify_confirmPasswordLabel_Spelling" time="0.029"/>
  <testcase classname="LinkHive.LinkHive.SignUpTest" name="verify_confirmPasswordPlaceHolder_Spelling" time="0.031"/>
  <testcase classname="LinkHive.LinkHive.SignUpTest" name="verify_confirmPasswordEnableOrNot" time="0.023"/>
  <testcase classname="LinkHive.LinkHive.SignUpTest" name="verify_signUp_Spelling" time="0.027"/>
  <testcase classname="LinkHive.LinkHive.SignUpTest" name="verify_signUpButtonEnableorNot" time="0.02"/>
  <testcase classname="LinkHive.LinkHive.SignUpTest" name="verify_alreadyHaveAccount_Spelling" time="0.032"/>
  <testcase classname="LinkHive.LinkHive.SignUpTest" name="login_SignUp" time="0.843"/>
  <testcase classname="LinkHive.LinkHive.SignUpTest" name="login_SignUp" time="0.927"/>
  <testcase classname="LinkHive.LinkHive.SignUpTest" name="login_SignUp" time="0.981"/>
  <testcase classname="LinkHive.LinkHive.SignUpTest" name="login_SignUp" time="1.116"/>
  <testcase classname="LinkHive.LinkHive.SignUpTest" name="login_SignUp" time="1.058"/>
  <testcase classname="LinkHive.LinkHive.SignUpTest" name="login_SignUp" time="1.424"/>
  <testcase classname="LinkHive.LinkHive.SignUpTest" name="login_SignUp" time="1.265"/>
  <testcase classname="LinkHive.LinkHive.SignUpTest" name="login_SignUp" time="1.131"/>
  <testcase classname="LinkHive.LinkHive.SignUpTest" name="login_SignUp" time="1.095"/>
  <testcase classname="LinkHive.LinkHive.SignUpTest" name="login_SignUp" time="0.986"/>
  <testcase classname="LinkHive.LinkHive.SignUpTest" name="login_SignUp" time="1.055"/>
  <testcase classname="LinkHive.LinkHive.SignUpTest" name="login_SignUp" time="1.149"/>
  <testcase classname="LinkHive.LinkHive.SignUpTest" name="login_SignUp" time="1.02"/>
  <testcase classname="LinkHive.LinkHive.SignUpTest" name="login_SignUp" time="0.939"/>
  <testcase classname="LinkHive.LinkHive.SignUpTest" name="login_SignUp" time="1.1"/>
  <testcase classname="LinkHive.LinkHive.SignUpTest" name="login_SignUp" time="1.016"/>
  <testcase classname="LinkHive.LinkHive.SignUpTest" name="login_SignUp" time="1.006"/>
  <testcase classname="LinkHive.LinkHive.SignUpTest" name="login_SignUp" time="1.479"/>
  <testcase classname="LinkHive.LinkHive.SignUpTest" name="verify_clickSignIn" time="1.18"/>
  <testcase classname="LinkHive.LinkHive.LoginTest" name="getVerify_CurrentTitle" time="0.015"/>
  <testcase classname="LinkHive.LinkHive.LoginTest" name="getVerify_CurrentUrl" time="0.013"/>
  <testcase classname="LinkHive.LinkHive.LoginTest" name="verify_linkHiveLogo" time="0.033"/>
  <testcase classname="LinkHive.LinkHive.LoginTest" name="verify_WelcomeBackText_Spelling" time="0.028"/>
  <testcase classname="LinkHive.LinkHive.LoginTest" name="verify_signInText_Spelling" time="0.022"/>
  <testcase classname="LinkHive.LinkHive.LoginTest" name="verify_emailLabel_Spelling" time="0.023"/>
  <testcase classname="LinkHive.LinkHive.LoginTest" name="verify_emailPlaceHolder_Spelling" time="0.018"/>
  <testcase classname="LinkHive.LinkHive.LoginTest" name="verify_emailisEnabled_Or_Not" time="0.015"/>
  <testcase classname="LinkHive.LinkHive.LoginTest" name="verify_passwordLabel_Spelling" time="0.032"/>
  <testcase classname="LinkHive.LinkHive.LoginTest" name="verify_PlaceHolder_Spelling" time="0.02"/>
  <testcase classname="LinkHive.LinkHive.LoginTest" name="verify_password" time="0.024"/>
  <testcase classname="LinkHive.LinkHive.LoginTest" name="verify_signInButton_Spelling" time="0.027"/>
  <testcase classname="LinkHive.LinkHive.LoginTest" name="verify_signInButton_Or_Not" time="0.021"/>
  <testcase classname="LinkHive.LinkHive.LoginTest" name="verify_dontHaveAccount_Spelling" time="0.031"/>
  <testcase classname="LinkHive.LinkHive.LoginTest" name="verify_signUpLink" time="0.909"/>
  <testcase classname="LinkHive.LinkHive.LoginTest" name="verify_signInLink" time="0.918"/>
  <testcase classname="LinkHive.LinkHive.LoginTest" name="login_Cred" time="0.448"/>
  <testcase classname="LinkHive.LinkHive.LoginTest" name="login_Cred" time="0.469"/>
  <testcase classname="LinkHive.LinkHive.LoginTest" name="login_Cred" time="0.496"/>
  <testcase classname="LinkHive.LinkHive.LoginTest" name="login_Cred" time="0.517">
    <failure type="java.lang.AssertionError" message="expected [Password must be at least 6 characters long.] but found [Password must be at least 8 characters long.]">
      <![CDATA[java.lang.AssertionError: expected [Password must be at least 6 characters long.] but found [Password must be at least 8 characters long.]
at LinkHive.LinkHive.LoginTest.login_Cred(LoginTest.java:149)
at java.base/java.util.ArrayList.forEach(ArrayList.java:1511)
... Removed 33 stack frames]]>
    </failure>
  </testcase> <!-- login_Cred -->
  <testcase classname="LinkHive.LinkHive.LoginTest" name="login_Cred" time="31.307">
    <failure type="org.openqa.selenium.TimeoutException" message="Expected condition failed: waiting for visibility of all [Proxy element for: DefaultElementLocator &amp;apos;By.xpath: //div[@id = &amp;apos;toast-container&amp;apos;]/div/div[2]&amp;apos;] (tried for 20 second(s) with 500 milliseconds interval)">
      <![CDATA[org.openqa.selenium.TimeoutException: Expected condition failed: waiting for visibility of all [Proxy element for: DefaultElementLocator 'By.xpath: //div[@id = 'toast-container']/div/div[2]'] (tried for 20 second(s) with 500 milliseconds interval)
at org.openqa.selenium.support.ui.WebDriverWait.timeoutException(WebDriverWait.java:84)
at org.openqa.selenium.support.ui.FluentWait.until(FluentWait.java:228)
at BaseDetail.BaseDetail.waitForElementToBeVisible(BaseDetail.java:106)
at POM.LoginPage.scriptToaster(LoginPage.java:153)
at LinkHive.LinkHive.LoginTest.login_Cred(LoginTest.java:162)
at java.base/java.util.ArrayList.forEach(ArrayList.java:1511)
Caused by: org.openqa.selenium.NoSuchElementException: no such element: Unable to locate element: {"method":"xpath","selector":"//div[@id = 'toast-container']/div/div[2]"}
  (Session info: chrome=134.0.6998.89)
For documentation on this error, please visit: https://www.selenium.dev/documentation/webdriver/troubleshooting/errors#no-such-element-exception
Build info: version: '4.24.0', revision: '748ffc9bc3'
System info: os.name: 'Windows 11', os.arch: 'amd64', os.version: '10.0', java.version: '17.0.8'
Driver info: org.openqa.selenium.chrome.ChromeDriver
Command: [e965453270f7c046ef9bf6779a2ad7e6, findElement {using=xpath, value=//div[@id = 'toast-container']/div/div[2]}]
Capabilities {acceptInsecureCerts: false, browserName: chrome, browserVersion: 134.0.6998.89, chrome: {chromedriverVersion: 134.0.6998.165 (fd886e2cb29..., userDataDir: C:\Users\Lenovo\AppData\Loc...}, fedcm:accounts: true, goog:chromeOptions: {debuggerAddress: localhost:55821}, networkConnectionEnabled: false, pageLoadStrategy: normal, platformName: windows, proxy: Proxy(), se:cdp: ws://localhost:55821/devtoo..., se:cdpVersion: 134.0.6998.89, setWindowRect: true, strictFileInteractability: false, timeouts: {implicit: 0, pageLoad: 300000, script: 30000}, unhandledPromptBehavior: dismiss and notify, webauthn:extension:credBlob: true, webauthn:extension:largeBlob: true, webauthn:extension:minPinLength: true, webauthn:extension:prf: true, webauthn:virtualAuthenticators: true}
Session ID: e965453270f7c046ef9bf6779a2ad7e6
at org.openqa.selenium.remote.ErrorCodec.decode(ErrorCodec.java:167)
at org.openqa.selenium.remote.codec.w3c.W3CHttpResponseCodec.decode(W3CHttpResponseCodec.java:138)
at org.openqa.selenium.remote.codec.w3c.W3CHttpResponseCodec.decode(W3CHttpResponseCodec.java:50)
at org.openqa.selenium.remote.HttpCommandExecutor.execute(HttpCommandExecutor.java:190)
at org.openqa.selenium.remote.service.DriverCommandExecutor.invokeExecute(DriverCommandExecutor.java:216)
at org.openqa.selenium.remote.service.DriverCommandExecutor.execute(DriverCommandExecutor.java:174)
at org.openqa.selenium.remote.RemoteWebDriver.execute(RemoteWebDriver.java:545)
at org.openqa.selenium.remote.ElementLocation$ElementFinder$2.findElement(ElementLocation.java:165)
at org.openqa.selenium.remote.ElementLocation.findElement(ElementLocation.java:59)
at org.openqa.selenium.remote.RemoteWebDriver.findElement(RemoteWebDriver.java:368)
at org.openqa.selenium.remote.RemoteWebDriver.findElement(RemoteWebDriver.java:362)
at org.openqa.selenium.support.pagefactory.DefaultElementLocator.findElement(DefaultElementLocator.java:68)
at org.openqa.selenium.support.pagefactory.internal.LocatingElementHandler.invoke(LocatingElementHandler.java:38)
at jdk.proxy2/jdk.proxy2.$Proxy13.isDisplayed(Unknown Source)
at org.openqa.selenium.support.ui.ExpectedConditions$9.apply(ExpectedConditions.java:264)
at org.openqa.selenium.support.ui.ExpectedConditions$9.apply(ExpectedConditions.java:260)
at org.openqa.selenium.support.ui.FluentWait.until(FluentWait.java:203)
... 31 more
... Removed 32 stack frames]]>
    </failure>
  </testcase> <!-- login_Cred -->
  <testcase classname="LinkHive.LinkHive.LoginTest" name="login_Cred" time="15.743"/>
  <testcase classname="LinkHive.LinkHive.LoginTest" name="login_Cred" time="32.184">
    <failure type="org.openqa.selenium.TimeoutException" message="Expected condition failed: waiting for visibility of all [Proxy element for: DefaultElementLocator &amp;apos;By.xpath: //div[@id = &amp;apos;toast-container&amp;apos;]/div/div[2]&amp;apos;] (tried for 20 second(s) with 500 milliseconds interval)">
      <![CDATA[org.openqa.selenium.TimeoutException: Expected condition failed: waiting for visibility of all [Proxy element for: DefaultElementLocator 'By.xpath: //div[@id = 'toast-container']/div/div[2]'] (tried for 20 second(s) with 500 milliseconds interval)
at org.openqa.selenium.support.ui.WebDriverWait.timeoutException(WebDriverWait.java:84)
at org.openqa.selenium.support.ui.FluentWait.until(FluentWait.java:228)
at BaseDetail.BaseDetail.waitForElementToBeVisible(BaseDetail.java:106)
at POM.LoginPage.scriptToaster(LoginPage.java:153)
at LinkHive.LinkHive.LoginTest.login_Cred(LoginTest.java:162)
at java.base/java.util.ArrayList.forEach(ArrayList.java:1511)
Caused by: org.openqa.selenium.NoSuchElementException: no such element: Unable to locate element: {"method":"xpath","selector":"//div[@id = 'toast-container']/div/div[2]"}
  (Session info: chrome=134.0.6998.89)
For documentation on this error, please visit: https://www.selenium.dev/documentation/webdriver/troubleshooting/errors#no-such-element-exception
Build info: version: '4.24.0', revision: '748ffc9bc3'
System info: os.name: 'Windows 11', os.arch: 'amd64', os.version: '10.0', java.version: '17.0.8'
Driver info: org.openqa.selenium.chrome.ChromeDriver
Command: [e965453270f7c046ef9bf6779a2ad7e6, findElement {using=xpath, value=//div[@id = 'toast-container']/div/div[2]}]
Capabilities {acceptInsecureCerts: false, browserName: chrome, browserVersion: 134.0.6998.89, chrome: {chromedriverVersion: 134.0.6998.165 (fd886e2cb29..., userDataDir: C:\Users\Lenovo\AppData\Loc...}, fedcm:accounts: true, goog:chromeOptions: {debuggerAddress: localhost:55821}, networkConnectionEnabled: false, pageLoadStrategy: normal, platformName: windows, proxy: Proxy(), se:cdp: ws://localhost:55821/devtoo..., se:cdpVersion: 134.0.6998.89, setWindowRect: true, strictFileInteractability: false, timeouts: {implicit: 0, pageLoad: 300000, script: 30000}, unhandledPromptBehavior: dismiss and notify, webauthn:extension:credBlob: true, webauthn:extension:largeBlob: true, webauthn:extension:minPinLength: true, webauthn:extension:prf: true, webauthn:virtualAuthenticators: true}
Session ID: e965453270f7c046ef9bf6779a2ad7e6
at org.openqa.selenium.remote.ErrorCodec.decode(ErrorCodec.java:167)
at org.openqa.selenium.remote.codec.w3c.W3CHttpResponseCodec.decode(W3CHttpResponseCodec.java:138)
at org.openqa.selenium.remote.codec.w3c.W3CHttpResponseCodec.decode(W3CHttpResponseCodec.java:50)
at org.openqa.selenium.remote.HttpCommandExecutor.execute(HttpCommandExecutor.java:190)
at org.openqa.selenium.remote.service.DriverCommandExecutor.invokeExecute(DriverCommandExecutor.java:216)
at org.openqa.selenium.remote.service.DriverCommandExecutor.execute(DriverCommandExecutor.java:174)
at org.openqa.selenium.remote.RemoteWebDriver.execute(RemoteWebDriver.java:545)
at org.openqa.selenium.remote.ElementLocation$ElementFinder$2.findElement(ElementLocation.java:165)
at org.openqa.selenium.remote.ElementLocation.findElement(ElementLocation.java:59)
at org.openqa.selenium.remote.RemoteWebDriver.findElement(RemoteWebDriver.java:368)
at org.openqa.selenium.remote.RemoteWebDriver.findElement(RemoteWebDriver.java:362)
at org.openqa.selenium.support.pagefactory.DefaultElementLocator.findElement(DefaultElementLocator.java:68)
at org.openqa.selenium.support.pagefactory.internal.LocatingElementHandler.invoke(LocatingElementHandler.java:38)
at jdk.proxy2/jdk.proxy2.$Proxy13.isDisplayed(Unknown Source)
at org.openqa.selenium.support.ui.ExpectedConditions$9.apply(ExpectedConditions.java:264)
at org.openqa.selenium.support.ui.ExpectedConditions$9.apply(ExpectedConditions.java:260)
at org.openqa.selenium.support.ui.FluentWait.until(FluentWait.java:203)
... 31 more
... Removed 32 stack frames]]>
    </failure>
  </testcase> <!-- login_Cred -->
  <testcase classname="LinkHive.LinkHive.LoginTest" name="login_Cred" time="32.334">
    <failure type="org.openqa.selenium.TimeoutException" message="Expected condition failed: waiting for visibility of all [Proxy element for: DefaultElementLocator &amp;apos;By.xpath: //div[@id = &amp;apos;toast-container&amp;apos;]/div/div[2]&amp;apos;] (tried for 20 second(s) with 500 milliseconds interval)">
      <![CDATA[org.openqa.selenium.TimeoutException: Expected condition failed: waiting for visibility of all [Proxy element for: DefaultElementLocator 'By.xpath: //div[@id = 'toast-container']/div/div[2]'] (tried for 20 second(s) with 500 milliseconds interval)
at org.openqa.selenium.support.ui.WebDriverWait.timeoutException(WebDriverWait.java:84)
at org.openqa.selenium.support.ui.FluentWait.until(FluentWait.java:228)
at BaseDetail.BaseDetail.waitForElementToBeVisible(BaseDetail.java:106)
at POM.LoginPage.scriptToaster(LoginPage.java:153)
at LinkHive.LinkHive.LoginTest.login_Cred(LoginTest.java:152)
at java.base/java.util.ArrayList.forEach(ArrayList.java:1511)
Caused by: org.openqa.selenium.NoSuchElementException: no such element: Unable to locate element: {"method":"xpath","selector":"//div[@id = 'toast-container']/div/div[2]"}
  (Session info: chrome=134.0.6998.89)
For documentation on this error, please visit: https://www.selenium.dev/documentation/webdriver/troubleshooting/errors#no-such-element-exception
Build info: version: '4.24.0', revision: '748ffc9bc3'
System info: os.name: 'Windows 11', os.arch: 'amd64', os.version: '10.0', java.version: '17.0.8'
Driver info: org.openqa.selenium.chrome.ChromeDriver
Command: [e965453270f7c046ef9bf6779a2ad7e6, findElement {using=xpath, value=//div[@id = 'toast-container']/div/div[2]}]
Capabilities {acceptInsecureCerts: false, browserName: chrome, browserVersion: 134.0.6998.89, chrome: {chromedriverVersion: 134.0.6998.165 (fd886e2cb29..., userDataDir: C:\Users\Lenovo\AppData\Loc...}, fedcm:accounts: true, goog:chromeOptions: {debuggerAddress: localhost:55821}, networkConnectionEnabled: false, pageLoadStrategy: normal, platformName: windows, proxy: Proxy(), se:cdp: ws://localhost:55821/devtoo..., se:cdpVersion: 134.0.6998.89, setWindowRect: true, strictFileInteractability: false, timeouts: {implicit: 0, pageLoad: 300000, script: 30000}, unhandledPromptBehavior: dismiss and notify, webauthn:extension:credBlob: true, webauthn:extension:largeBlob: true, webauthn:extension:minPinLength: true, webauthn:extension:prf: true, webauthn:virtualAuthenticators: true}
Session ID: e965453270f7c046ef9bf6779a2ad7e6
at org.openqa.selenium.remote.ErrorCodec.decode(ErrorCodec.java:167)
at org.openqa.selenium.remote.codec.w3c.W3CHttpResponseCodec.decode(W3CHttpResponseCodec.java:138)
at org.openqa.selenium.remote.codec.w3c.W3CHttpResponseCodec.decode(W3CHttpResponseCodec.java:50)
at org.openqa.selenium.remote.HttpCommandExecutor.execute(HttpCommandExecutor.java:190)
at org.openqa.selenium.remote.service.DriverCommandExecutor.invokeExecute(DriverCommandExecutor.java:216)
at org.openqa.selenium.remote.service.DriverCommandExecutor.execute(DriverCommandExecutor.java:174)
at org.openqa.selenium.remote.RemoteWebDriver.execute(RemoteWebDriver.java:545)
at org.openqa.selenium.remote.ElementLocation$ElementFinder$2.findElement(ElementLocation.java:165)
at org.openqa.selenium.remote.ElementLocation.findElement(ElementLocation.java:59)
at org.openqa.selenium.remote.RemoteWebDriver.findElement(RemoteWebDriver.java:368)
at org.openqa.selenium.remote.RemoteWebDriver.findElement(RemoteWebDriver.java:362)
at org.openqa.selenium.support.pagefactory.DefaultElementLocator.findElement(DefaultElementLocator.java:68)
at org.openqa.selenium.support.pagefactory.internal.LocatingElementHandler.invoke(LocatingElementHandler.java:38)
at jdk.proxy2/jdk.proxy2.$Proxy13.isDisplayed(Unknown Source)
at org.openqa.selenium.support.ui.ExpectedConditions$9.apply(ExpectedConditions.java:264)
at org.openqa.selenium.support.ui.ExpectedConditions$9.apply(ExpectedConditions.java:260)
at org.openqa.selenium.support.ui.FluentWait.until(FluentWait.java:203)
... 31 more
... Removed 32 stack frames]]>
    </failure>
  </testcase> <!-- login_Cred -->
  <testcase classname="LinkHive.LinkHive.LoginTest" name="login_Cred" time="1.694"/>
</testsuite> <!-- Test -->
