<?xml version="1.0" encoding="UTF-8"?>
<testng-results ignored="0" total="66" passed="62" failed="4" skipped="0">
  <reporter-output>
  </reporter-output>
  <suite started-at="2025-03-25T16:52:00 IST" name="Suite" finished-at="2025-03-25T16:54:37 IST" duration-ms="157374">
    <groups>
    </groups>
    <test started-at="2025-03-25T16:52:00 IST" name="Test" finished-at="2025-03-25T16:54:37 IST" duration-ms="157374">
      <class name="LinkHive.LinkHive.SignUpTest">
        <test-method is-config="true" signature="setUp()[pri:0, instance:LinkHive.LinkHive.SignUpTest@e3b3b2f]" started-at="2025-03-25T16:52:00 IST" name="setUp" finished-at="2025-03-25T16:52:15 IST" duration-ms="15060" status="PASS">
          <reporter-output>
          </reporter-output>
        </test-method> <!-- setUp -->
        <test-method signature="getCurrentUrl()[pri:1, instance:LinkHive.LinkHive.SignUpTest@e3b3b2f]" started-at="2025-03-25T16:52:15 IST" name="getCurrentUrl" finished-at="2025-03-25T16:52:15 IST" duration-ms="22" status="PASS">
          <reporter-output>
          </reporter-output>
        </test-method> <!-- getCurrentUrl -->
        <test-method signature="getCurrentTitle()[pri:2, instance:LinkHive.LinkHive.SignUpTest@e3b3b2f]" started-at="2025-03-25T16:52:15 IST" name="getCurrentTitle" finished-at="2025-03-25T16:52:15 IST" duration-ms="15" status="PASS">
          <reporter-output>
          </reporter-output>
        </test-method> <!-- getCurrentTitle -->
        <test-method signature="verify_LinkHive_Logo()[pri:3, instance:LinkHive.LinkHive.SignUpTest@e3b3b2f]" started-at="2025-03-25T16:52:15 IST" name="verify_LinkHive_Logo" finished-at="2025-03-25T16:52:15 IST" duration-ms="55" status="PASS">
          <reporter-output>
          </reporter-output>
        </test-method> <!-- verify_LinkHive_Logo -->
        <test-method signature="verify_SignUpText()[pri:4, instance:LinkHive.LinkHive.SignUpTest@e3b3b2f]" started-at="2025-03-25T16:52:15 IST" name="verify_SignUpText" finished-at="2025-03-25T16:52:15 IST" duration-ms="42" status="PASS">
          <reporter-output>
          </reporter-output>
        </test-method> <!-- verify_SignUpText -->
        <test-method signature="verify_firstNameLabel_Spelling()[pri:5, instance:LinkHive.LinkHive.SignUpTest@e3b3b2f]" started-at="2025-03-25T16:52:15 IST" name="verify_firstNameLabel_Spelling" finished-at="2025-03-25T16:52:15 IST" duration-ms="31" status="PASS">
          <reporter-output>
          </reporter-output>
        </test-method> <!-- verify_firstNameLabel_Spelling -->
        <test-method signature="verify_firstNamePlaceHolder_Spelling()[pri:6, instance:LinkHive.LinkHive.SignUpTest@e3b3b2f]" started-at="2025-03-25T16:52:15 IST" name="verify_firstNamePlaceHolder_Spelling" finished-at="2025-03-25T16:52:15 IST" duration-ms="37" status="PASS">
          <reporter-output>
          </reporter-output>
        </test-method> <!-- verify_firstNamePlaceHolder_Spelling -->
        <test-method signature="verify_firstNameEnableOrNot()[pri:7, instance:LinkHive.LinkHive.SignUpTest@e3b3b2f]" started-at="2025-03-25T16:52:15 IST" name="verify_firstNameEnableOrNot" finished-at="2025-03-25T16:52:15 IST" duration-ms="37" status="PASS">
          <reporter-output>
          </reporter-output>
        </test-method> <!-- verify_firstNameEnableOrNot -->
        <test-method signature="verify_lastNameLebel_Spelling()[pri:8, instance:LinkHive.LinkHive.SignUpTest@e3b3b2f]" started-at="2025-03-25T16:52:15 IST" name="verify_lastNameLebel_Spelling" finished-at="2025-03-25T16:52:15 IST" duration-ms="41" status="PASS">
          <reporter-output>
          </reporter-output>
        </test-method> <!-- verify_lastNameLebel_Spelling -->
        <test-method signature="verify_lastNamePlaceHolder_Spelling()[pri:9, instance:LinkHive.LinkHive.SignUpTest@e3b3b2f]" started-at="2025-03-25T16:52:15 IST" name="verify_lastNamePlaceHolder_Spelling" finished-at="2025-03-25T16:52:15 IST" duration-ms="28" status="PASS">
          <reporter-output>
          </reporter-output>
        </test-method> <!-- verify_lastNamePlaceHolder_Spelling -->
        <test-method signature="verify_lastNameEnableOrNot()[pri:10, instance:LinkHive.LinkHive.SignUpTest@e3b3b2f]" started-at="2025-03-25T16:52:15 IST" name="verify_lastNameEnableOrNot" finished-at="2025-03-25T16:52:15 IST" duration-ms="28" status="PASS">
          <reporter-output>
          </reporter-output>
        </test-method> <!-- verify_lastNameEnableOrNot -->
        <test-method signature="verify_emailLabel_Spelling()[pri:11, instance:LinkHive.LinkHive.SignUpTest@e3b3b2f]" started-at="2025-03-25T16:52:15 IST" name="verify_emailLabel_Spelling" finished-at="2025-03-25T16:52:15 IST" duration-ms="32" status="PASS">
          <reporter-output>
          </reporter-output>
        </test-method> <!-- verify_emailLabel_Spelling -->
        <test-method signature="verify_emailPlaceHolder_Spelling()[pri:12, instance:LinkHive.LinkHive.SignUpTest@e3b3b2f]" started-at="2025-03-25T16:52:15 IST" name="verify_emailPlaceHolder_Spelling" finished-at="2025-03-25T16:52:15 IST" duration-ms="27" status="PASS">
          <reporter-output>
          </reporter-output>
        </test-method> <!-- verify_emailPlaceHolder_Spelling -->
        <test-method signature="verify_emailEnableOrNot()[pri:13, instance:LinkHive.LinkHive.SignUpTest@e3b3b2f]" started-at="2025-03-25T16:52:15 IST" name="verify_emailEnableOrNot" finished-at="2025-03-25T16:52:15 IST" duration-ms="27" status="PASS">
          <reporter-output>
          </reporter-output>
        </test-method> <!-- verify_emailEnableOrNot -->
        <test-method signature="verify_passwordLabel_Spelling()[pri:14, instance:LinkHive.LinkHive.SignUpTest@e3b3b2f]" started-at="2025-03-25T16:52:15 IST" name="verify_passwordLabel_Spelling" finished-at="2025-03-25T16:52:15 IST" duration-ms="31" status="PASS">
          <reporter-output>
          </reporter-output>
        </test-method> <!-- verify_passwordLabel_Spelling -->
        <test-method signature="verify_passwordPlaceHolder_Spelling()[pri:15, instance:LinkHive.LinkHive.SignUpTest@e3b3b2f]" started-at="2025-03-25T16:52:15 IST" name="verify_passwordPlaceHolder_Spelling" finished-at="2025-03-25T16:52:15 IST" duration-ms="25" status="PASS">
          <reporter-output>
          </reporter-output>
        </test-method> <!-- verify_passwordPlaceHolder_Spelling -->
        <test-method signature="verify_passwordEnableOrNot()[pri:16, instance:LinkHive.LinkHive.SignUpTest@e3b3b2f]" started-at="2025-03-25T16:52:15 IST" name="verify_passwordEnableOrNot" finished-at="2025-03-25T16:52:15 IST" duration-ms="25" status="PASS">
          <reporter-output>
          </reporter-output>
        </test-method> <!-- verify_passwordEnableOrNot -->
        <test-method signature="verify_confirmPasswordLabel_Spelling()[pri:17, instance:LinkHive.LinkHive.SignUpTest@e3b3b2f]" started-at="2025-03-25T16:52:15 IST" name="verify_confirmPasswordLabel_Spelling" finished-at="2025-03-25T16:52:15 IST" duration-ms="29" status="PASS">
          <reporter-output>
          </reporter-output>
        </test-method> <!-- verify_confirmPasswordLabel_Spelling -->
        <test-method signature="verify_confirmPasswordPlaceHolder_Spelling()[pri:18, instance:LinkHive.LinkHive.SignUpTest@e3b3b2f]" started-at="2025-03-25T16:52:15 IST" name="verify_confirmPasswordPlaceHolder_Spelling" finished-at="2025-03-25T16:52:15 IST" duration-ms="31" status="PASS">
          <reporter-output>
          </reporter-output>
        </test-method> <!-- verify_confirmPasswordPlaceHolder_Spelling -->
        <test-method signature="verify_confirmPasswordEnableOrNot()[pri:19, instance:LinkHive.LinkHive.SignUpTest@e3b3b2f]" started-at="2025-03-25T16:52:15 IST" name="verify_confirmPasswordEnableOrNot" finished-at="2025-03-25T16:52:15 IST" duration-ms="23" status="PASS">
          <reporter-output>
          </reporter-output>
        </test-method> <!-- verify_confirmPasswordEnableOrNot -->
        <test-method signature="verify_signUp_Spelling()[pri:20, instance:LinkHive.LinkHive.SignUpTest@e3b3b2f]" started-at="2025-03-25T16:52:15 IST" name="verify_signUp_Spelling" finished-at="2025-03-25T16:52:15 IST" duration-ms="27" status="PASS">
          <reporter-output>
          </reporter-output>
        </test-method> <!-- verify_signUp_Spelling -->
        <test-method signature="verify_signUpButtonEnableorNot()[pri:21, instance:LinkHive.LinkHive.SignUpTest@e3b3b2f]" started-at="2025-03-25T16:52:15 IST" name="verify_signUpButtonEnableorNot" finished-at="2025-03-25T16:52:15 IST" duration-ms="20" status="PASS">
          <reporter-output>
          </reporter-output>
        </test-method> <!-- verify_signUpButtonEnableorNot -->
        <test-method signature="verify_alreadyHaveAccount_Spelling()[pri:22, instance:LinkHive.LinkHive.SignUpTest@e3b3b2f]" started-at="2025-03-25T16:52:15 IST" name="verify_alreadyHaveAccount_Spelling" finished-at="2025-03-25T16:52:15 IST" duration-ms="32" status="PASS">
          <reporter-output>
          </reporter-output>
        </test-method> <!-- verify_alreadyHaveAccount_Spelling -->
        <test-method signature="login_SignUp(java.lang.String,java.lang.String,java.lang.String,java.lang.String,java.lang.String)[pri:23, instance:LinkHive.LinkHive.SignUpTest@e3b3b2f]" started-at="2025-03-25T16:52:16 IST" name="login_SignUp" data-provider="getSignUpTestData" finished-at="2025-03-25T16:52:17 IST" duration-ms="843" status="PASS">
          <params>
            <param index="0">
              <value>
                <![CDATA[]]>
              </value>
            </param>
            <param index="1">
              <value>
                <![CDATA[demo]]>
              </value>
            </param>
            <param index="2">
              <value>
                <![CDATA[demo@example.com]]>
              </value>
            </param>
            <param index="3">
              <value>
                <![CDATA[demo123]]>
              </value>
            </param>
            <param index="4">
              <value>
                <![CDATA[demo123]]>
              </value>
            </param>
          </params>
          <reporter-output>
          </reporter-output>
        </test-method> <!-- login_SignUp -->
        <test-method signature="login_SignUp(java.lang.String,java.lang.String,java.lang.String,java.lang.String,java.lang.String)[pri:23, instance:LinkHive.LinkHive.SignUpTest@e3b3b2f]" started-at="2025-03-25T16:52:17 IST" name="login_SignUp" data-provider="getSignUpTestData" finished-at="2025-03-25T16:52:18 IST" duration-ms="927" status="PASS">
          <params>
            <param index="0">
              <value>
                <![CDATA[demo]]>
              </value>
            </param>
            <param index="1">
              <value>
                <![CDATA[]]>
              </value>
            </param>
            <param index="2">
              <value>
                <![CDATA[demo@example.com]]>
              </value>
            </param>
            <param index="3">
              <value>
                <![CDATA[demo123]]>
              </value>
            </param>
            <param index="4">
              <value>
                <![CDATA[demo123]]>
              </value>
            </param>
          </params>
          <reporter-output>
          </reporter-output>
        </test-method> <!-- login_SignUp -->
        <test-method signature="login_SignUp(java.lang.String,java.lang.String,java.lang.String,java.lang.String,java.lang.String)[pri:23, instance:LinkHive.LinkHive.SignUpTest@e3b3b2f]" started-at="2025-03-25T16:52:18 IST" name="login_SignUp" data-provider="getSignUpTestData" finished-at="2025-03-25T16:52:19 IST" duration-ms="981" status="PASS">
          <params>
            <param index="0">
              <value>
                <![CDATA[demo]]>
              </value>
            </param>
            <param index="1">
              <value>
                <![CDATA[demo]]>
              </value>
            </param>
            <param index="2">
              <value>
                <![CDATA[]]>
              </value>
            </param>
            <param index="3">
              <value>
                <![CDATA[demo123]]>
              </value>
            </param>
            <param index="4">
              <value>
                <![CDATA[demo123]]>
              </value>
            </param>
          </params>
          <reporter-output>
          </reporter-output>
        </test-method> <!-- login_SignUp -->
        <test-method signature="login_SignUp(java.lang.String,java.lang.String,java.lang.String,java.lang.String,java.lang.String)[pri:23, instance:LinkHive.LinkHive.SignUpTest@e3b3b2f]" started-at="2025-03-25T16:52:19 IST" name="login_SignUp" data-provider="getSignUpTestData" finished-at="2025-03-25T16:52:20 IST" duration-ms="1116" status="PASS">
          <params>
            <param index="0">
              <value>
                <![CDATA[demo]]>
              </value>
            </param>
            <param index="1">
              <value>
                <![CDATA[demo]]>
              </value>
            </param>
            <param index="2">
              <value>
                <![CDATA[demo@example.com]]>
              </value>
            </param>
            <param index="3">
              <value>
                <![CDATA[]]>
              </value>
            </param>
            <param index="4">
              <value>
                <![CDATA[demo123]]>
              </value>
            </param>
          </params>
          <reporter-output>
          </reporter-output>
        </test-method> <!-- login_SignUp -->
        <test-method signature="login_SignUp(java.lang.String,java.lang.String,java.lang.String,java.lang.String,java.lang.String)[pri:23, instance:LinkHive.LinkHive.SignUpTest@e3b3b2f]" started-at="2025-03-25T16:52:20 IST" name="login_SignUp" data-provider="getSignUpTestData" finished-at="2025-03-25T16:52:21 IST" duration-ms="1058" status="PASS">
          <params>
            <param index="0">
              <value>
                <![CDATA[demo]]>
              </value>
            </param>
            <param index="1">
              <value>
                <![CDATA[demo]]>
              </value>
            </param>
            <param index="2">
              <value>
                <![CDATA[demo@example.com]]>
              </value>
            </param>
            <param index="3">
              <value>
                <![CDATA[demo123]]>
              </value>
            </param>
            <param index="4">
              <value>
                <![CDATA[]]>
              </value>
            </param>
          </params>
          <reporter-output>
          </reporter-output>
        </test-method> <!-- login_SignUp -->
        <test-method signature="login_SignUp(java.lang.String,java.lang.String,java.lang.String,java.lang.String,java.lang.String)[pri:23, instance:LinkHive.LinkHive.SignUpTest@e3b3b2f]" started-at="2025-03-25T16:52:21 IST" name="login_SignUp" data-provider="getSignUpTestData" finished-at="2025-03-25T16:52:23 IST" duration-ms="1424" status="PASS">
          <params>
            <param index="0">
              <value>
                <![CDATA[dd]]>
              </value>
            </param>
            <param index="1">
              <value>
                <![CDATA[demo]]>
              </value>
            </param>
            <param index="2">
              <value>
                <![CDATA[demo@example.com]]>
              </value>
            </param>
            <param index="3">
              <value>
                <![CDATA[demo123]]>
              </value>
            </param>
            <param index="4">
              <value>
                <![CDATA[demo123]]>
              </value>
            </param>
          </params>
          <reporter-output>
          </reporter-output>
        </test-method> <!-- login_SignUp -->
        <test-method signature="login_SignUp(java.lang.String,java.lang.String,java.lang.String,java.lang.String,java.lang.String)[pri:23, instance:LinkHive.LinkHive.SignUpTest@e3b3b2f]" started-at="2025-03-25T16:52:23 IST" name="login_SignUp" data-provider="getSignUpTestData" finished-at="2025-03-25T16:52:24 IST" duration-ms="1265" status="PASS">
          <params>
            <param index="0">
              <value>
                <![CDATA[dddd]]>
              </value>
            </param>
            <param index="1">
              <value>
                <![CDATA[dd]]>
              </value>
            </param>
            <param index="2">
              <value>
                <![CDATA[demo@example.com]]>
              </value>
            </param>
            <param index="3">
              <value>
                <![CDATA[demo123]]>
              </value>
            </param>
            <param index="4">
              <value>
                <![CDATA[demo123]]>
              </value>
            </param>
          </params>
          <reporter-output>
          </reporter-output>
        </test-method> <!-- login_SignUp -->
        <test-method signature="login_SignUp(java.lang.String,java.lang.String,java.lang.String,java.lang.String,java.lang.String)[pri:23, instance:LinkHive.LinkHive.SignUpTest@e3b3b2f]" started-at="2025-03-25T16:52:24 IST" name="login_SignUp" data-provider="getSignUpTestData" finished-at="2025-03-25T16:52:25 IST" duration-ms="1131" status="PASS">
          <params>
            <param index="0">
              <value>
                <![CDATA[dddd]]>
              </value>
            </param>
            <param index="1">
              <value>
                <![CDATA[ddd]]>
              </value>
            </param>
            <param index="2">
              <value>
                <![CDATA[demo]]>
              </value>
            </param>
            <param index="3">
              <value>
                <![CDATA[demo123]]>
              </value>
            </param>
            <param index="4">
              <value>
                <![CDATA[demo123]]>
              </value>
            </param>
          </params>
          <reporter-output>
          </reporter-output>
        </test-method> <!-- login_SignUp -->
        <test-method signature="login_SignUp(java.lang.String,java.lang.String,java.lang.String,java.lang.String,java.lang.String)[pri:23, instance:LinkHive.LinkHive.SignUpTest@e3b3b2f]" started-at="2025-03-25T16:52:25 IST" name="login_SignUp" data-provider="getSignUpTestData" finished-at="2025-03-25T16:52:26 IST" duration-ms="1095" status="PASS">
          <params>
            <param index="0">
              <value>
                <![CDATA[dddd]]>
              </value>
            </param>
            <param index="1">
              <value>
                <![CDATA[ddd]]>
              </value>
            </param>
            <param index="2">
              <value>
                <![CDATA[demo@example.com]]>
              </value>
            </param>
            <param index="3">
              <value>
                <![CDATA[demo]]>
              </value>
            </param>
            <param index="4">
              <value>
                <![CDATA[demo123]]>
              </value>
            </param>
          </params>
          <reporter-output>
          </reporter-output>
        </test-method> <!-- login_SignUp -->
        <test-method signature="login_SignUp(java.lang.String,java.lang.String,java.lang.String,java.lang.String,java.lang.String)[pri:23, instance:LinkHive.LinkHive.SignUpTest@e3b3b2f]" started-at="2025-03-25T16:52:26 IST" name="login_SignUp" data-provider="getSignUpTestData" finished-at="2025-03-25T16:52:27 IST" duration-ms="986" status="PASS">
          <params>
            <param index="0">
              <value>
                <![CDATA[dddd]]>
              </value>
            </param>
            <param index="1">
              <value>
                <![CDATA[ddd]]>
              </value>
            </param>
            <param index="2">
              <value>
                <![CDATA[demo@example.com]]>
              </value>
            </param>
            <param index="3">
              <value>
                <![CDATA[demo123]]>
              </value>
            </param>
            <param index="4">
              <value>
                <![CDATA[demo]]>
              </value>
            </param>
          </params>
          <reporter-output>
          </reporter-output>
        </test-method> <!-- login_SignUp -->
        <test-method signature="login_SignUp(java.lang.String,java.lang.String,java.lang.String,java.lang.String,java.lang.String)[pri:23, instance:LinkHive.LinkHive.SignUpTest@e3b3b2f]" started-at="2025-03-25T16:52:27 IST" name="login_SignUp" data-provider="getSignUpTestData" finished-at="2025-03-25T16:52:28 IST" duration-ms="1055" status="PASS">
          <params>
            <param index="0">
              <value>
                <![CDATA[dddd]]>
              </value>
            </param>
            <param index="1">
              <value>
                <![CDATA[ddd]]>
              </value>
            </param>
            <param index="2">
              <value>
                <![CDATA[demo@example.com]]>
              </value>
            </param>
            <param index="3">
              <value>
                <![CDATA[demo123]]>
              </value>
            </param>
            <param index="4">
              <value>
                <![CDATA[demo12]]>
              </value>
            </param>
          </params>
          <reporter-output>
          </reporter-output>
        </test-method> <!-- login_SignUp -->
        <test-method signature="login_SignUp(java.lang.String,java.lang.String,java.lang.String,java.lang.String,java.lang.String)[pri:23, instance:LinkHive.LinkHive.SignUpTest@e3b3b2f]" started-at="2025-03-25T16:52:28 IST" name="login_SignUp" data-provider="getSignUpTestData" finished-at="2025-03-25T16:52:29 IST" duration-ms="1149" status="PASS">
          <params>
            <param index="0">
              <value>
                <![CDATA[dddd1234]]>
              </value>
            </param>
            <param index="1">
              <value>
                <![CDATA[ddd]]>
              </value>
            </param>
            <param index="2">
              <value>
                <![CDATA[demo@example.com]]>
              </value>
            </param>
            <param index="3">
              <value>
                <![CDATA[demo123]]>
              </value>
            </param>
            <param index="4">
              <value>
                <![CDATA[demo12]]>
              </value>
            </param>
          </params>
          <reporter-output>
          </reporter-output>
        </test-method> <!-- login_SignUp -->
        <test-method signature="login_SignUp(java.lang.String,java.lang.String,java.lang.String,java.lang.String,java.lang.String)[pri:23, instance:LinkHive.LinkHive.SignUpTest@e3b3b2f]" started-at="2025-03-25T16:52:29 IST" name="login_SignUp" data-provider="getSignUpTestData" finished-at="2025-03-25T16:52:30 IST" duration-ms="1020" status="PASS">
          <params>
            <param index="0">
              <value>
                <![CDATA[<script>]]>
              </value>
            </param>
            <param index="1">
              <value>
                <![CDATA[ddd]]>
              </value>
            </param>
            <param index="2">
              <value>
                <![CDATA[demo@example.com]]>
              </value>
            </param>
            <param index="3">
              <value>
                <![CDATA[demo123]]>
              </value>
            </param>
            <param index="4">
              <value>
                <![CDATA[demo12]]>
              </value>
            </param>
          </params>
          <reporter-output>
          </reporter-output>
        </test-method> <!-- login_SignUp -->
        <test-method signature="login_SignUp(java.lang.String,java.lang.String,java.lang.String,java.lang.String,java.lang.String)[pri:23, instance:LinkHive.LinkHive.SignUpTest@e3b3b2f]" started-at="2025-03-25T16:52:30 IST" name="login_SignUp" data-provider="getSignUpTestData" finished-at="2025-03-25T16:52:31 IST" duration-ms="939" status="PASS">
          <params>
            <param index="0">
              <value>
                <![CDATA[dddd      1234]]>
              </value>
            </param>
            <param index="1">
              <value>
                <![CDATA[ddd]]>
              </value>
            </param>
            <param index="2">
              <value>
                <![CDATA[demo@example.com]]>
              </value>
            </param>
            <param index="3">
              <value>
                <![CDATA[demo123]]>
              </value>
            </param>
            <param index="4">
              <value>
                <![CDATA[demo12]]>
              </value>
            </param>
          </params>
          <reporter-output>
          </reporter-output>
        </test-method> <!-- login_SignUp -->
        <test-method signature="login_SignUp(java.lang.String,java.lang.String,java.lang.String,java.lang.String,java.lang.String)[pri:23, instance:LinkHive.LinkHive.SignUpTest@e3b3b2f]" started-at="2025-03-25T16:52:31 IST" name="login_SignUp" data-provider="getSignUpTestData" finished-at="2025-03-25T16:52:32 IST" duration-ms="1100" status="PASS">
          <params>
            <param index="0">
              <value>
                <![CDATA[dddd]]>
              </value>
            </param>
            <param index="1">
              <value>
                <![CDATA[dddd1234]]>
              </value>
            </param>
            <param index="2">
              <value>
                <![CDATA[demo@example.com]]>
              </value>
            </param>
            <param index="3">
              <value>
                <![CDATA[demo123]]>
              </value>
            </param>
            <param index="4">
              <value>
                <![CDATA[demo12]]>
              </value>
            </param>
          </params>
          <reporter-output>
          </reporter-output>
        </test-method> <!-- login_SignUp -->
        <test-method signature="login_SignUp(java.lang.String,java.lang.String,java.lang.String,java.lang.String,java.lang.String)[pri:23, instance:LinkHive.LinkHive.SignUpTest@e3b3b2f]" started-at="2025-03-25T16:52:32 IST" name="login_SignUp" data-provider="getSignUpTestData" finished-at="2025-03-25T16:52:33 IST" duration-ms="1016" status="PASS">
          <params>
            <param index="0">
              <value>
                <![CDATA[dsddss]]>
              </value>
            </param>
            <param index="1">
              <value>
                <![CDATA[<script>]]>
              </value>
            </param>
            <param index="2">
              <value>
                <![CDATA[demo@example.com]]>
              </value>
            </param>
            <param index="3">
              <value>
                <![CDATA[demo123]]>
              </value>
            </param>
            <param index="4">
              <value>
                <![CDATA[demo12]]>
              </value>
            </param>
          </params>
          <reporter-output>
          </reporter-output>
        </test-method> <!-- login_SignUp -->
        <test-method signature="login_SignUp(java.lang.String,java.lang.String,java.lang.String,java.lang.String,java.lang.String)[pri:23, instance:LinkHive.LinkHive.SignUpTest@e3b3b2f]" started-at="2025-03-25T16:52:33 IST" name="login_SignUp" data-provider="getSignUpTestData" finished-at="2025-03-25T16:52:34 IST" duration-ms="1006" status="PASS">
          <params>
            <param index="0">
              <value>
                <![CDATA[dddd ]]>
              </value>
            </param>
            <param index="1">
              <value>
                <![CDATA[dddd      1234]]>
              </value>
            </param>
            <param index="2">
              <value>
                <![CDATA[demo@example.com]]>
              </value>
            </param>
            <param index="3">
              <value>
                <![CDATA[demo123]]>
              </value>
            </param>
            <param index="4">
              <value>
                <![CDATA[demo12]]>
              </value>
            </param>
          </params>
          <reporter-output>
          </reporter-output>
        </test-method> <!-- login_SignUp -->
        <test-method signature="login_SignUp(java.lang.String,java.lang.String,java.lang.String,java.lang.String,java.lang.String)[pri:23, instance:LinkHive.LinkHive.SignUpTest@e3b3b2f]" started-at="2025-03-25T16:52:34 IST" name="login_SignUp" data-provider="getSignUpTestData" finished-at="2025-03-25T16:52:36 IST" duration-ms="1479" status="PASS">
          <params>
            <param index="0">
              <value>
                <![CDATA[Sample]]>
              </value>
            </param>
            <param index="1">
              <value>
                <![CDATA[Sample]]>
              </value>
            </param>
            <param index="2">
              <value>
                <![CDATA[nova.adham@fileexp.com]]>
              </value>
            </param>
            <param index="3">
              <value>
                <![CDATA[Testing@123]]>
              </value>
            </param>
            <param index="4">
              <value>
                <![CDATA[Testing@123]]>
              </value>
            </param>
          </params>
          <reporter-output>
          </reporter-output>
        </test-method> <!-- login_SignUp -->
        <test-method signature="verify_clickSignIn()[pri:24, instance:LinkHive.LinkHive.SignUpTest@e3b3b2f]" started-at="2025-03-25T16:52:36 IST" name="verify_clickSignIn" finished-at="2025-03-25T16:52:37 IST" duration-ms="1180" status="PASS">
          <reporter-output>
          </reporter-output>
        </test-method> <!-- verify_clickSignIn -->
      </class> <!-- LinkHive.LinkHive.SignUpTest -->
      <class name="LinkHive.LinkHive.LoginTest">
        <test-method signature="getVerify_CurrentTitle()[pri:25, instance:LinkHive.LinkHive.LoginTest@5038d0b5]" started-at="2025-03-25T16:52:37 IST" name="getVerify_CurrentTitle" finished-at="2025-03-25T16:52:37 IST" duration-ms="15" status="PASS">
          <reporter-output>
          </reporter-output>
        </test-method> <!-- getVerify_CurrentTitle -->
        <test-method signature="getVerify_CurrentUrl()[pri:26, instance:LinkHive.LinkHive.LoginTest@5038d0b5]" started-at="2025-03-25T16:52:37 IST" name="getVerify_CurrentUrl" finished-at="2025-03-25T16:52:37 IST" duration-ms="13" status="PASS">
          <reporter-output>
          </reporter-output>
        </test-method> <!-- getVerify_CurrentUrl -->
        <test-method signature="verify_linkHiveLogo()[pri:27, instance:LinkHive.LinkHive.LoginTest@5038d0b5]" started-at="2025-03-25T16:52:37 IST" name="verify_linkHiveLogo" finished-at="2025-03-25T16:52:37 IST" duration-ms="33" status="PASS">
          <reporter-output>
          </reporter-output>
        </test-method> <!-- verify_linkHiveLogo -->
        <test-method signature="verify_WelcomeBackText_Spelling()[pri:28, instance:LinkHive.LinkHive.LoginTest@5038d0b5]" started-at="2025-03-25T16:52:37 IST" name="verify_WelcomeBackText_Spelling" finished-at="2025-03-25T16:52:37 IST" duration-ms="28" status="PASS">
          <reporter-output>
          </reporter-output>
        </test-method> <!-- verify_WelcomeBackText_Spelling -->
        <test-method signature="verify_signInText_Spelling()[pri:29, instance:LinkHive.LinkHive.LoginTest@5038d0b5]" started-at="2025-03-25T16:52:37 IST" name="verify_signInText_Spelling" finished-at="2025-03-25T16:52:37 IST" duration-ms="22" status="PASS">
          <reporter-output>
          </reporter-output>
        </test-method> <!-- verify_signInText_Spelling -->
        <test-method signature="verify_emailLabel_Spelling()[pri:30, instance:LinkHive.LinkHive.LoginTest@5038d0b5]" started-at="2025-03-25T16:52:37 IST" name="verify_emailLabel_Spelling" finished-at="2025-03-25T16:52:37 IST" duration-ms="23" status="PASS">
          <reporter-output>
          </reporter-output>
        </test-method> <!-- verify_emailLabel_Spelling -->
        <test-method signature="verify_emailPlaceHolder_Spelling()[pri:31, instance:LinkHive.LinkHive.LoginTest@5038d0b5]" started-at="2025-03-25T16:52:37 IST" name="verify_emailPlaceHolder_Spelling" finished-at="2025-03-25T16:52:37 IST" duration-ms="18" status="PASS">
          <reporter-output>
          </reporter-output>
        </test-method> <!-- verify_emailPlaceHolder_Spelling -->
        <test-method signature="verify_emailisEnabled_Or_Not()[pri:32, instance:LinkHive.LinkHive.LoginTest@5038d0b5]" started-at="2025-03-25T16:52:37 IST" name="verify_emailisEnabled_Or_Not" finished-at="2025-03-25T16:52:37 IST" duration-ms="15" status="PASS">
          <reporter-output>
          </reporter-output>
        </test-method> <!-- verify_emailisEnabled_Or_Not -->
        <test-method signature="verify_passwordLabel_Spelling()[pri:33, instance:LinkHive.LinkHive.LoginTest@5038d0b5]" started-at="2025-03-25T16:52:37 IST" name="verify_passwordLabel_Spelling" finished-at="2025-03-25T16:52:37 IST" duration-ms="32" status="PASS">
          <reporter-output>
          </reporter-output>
        </test-method> <!-- verify_passwordLabel_Spelling -->
        <test-method signature="verify_PlaceHolder_Spelling()[pri:34, instance:LinkHive.LinkHive.LoginTest@5038d0b5]" started-at="2025-03-25T16:52:37 IST" name="verify_PlaceHolder_Spelling" finished-at="2025-03-25T16:52:37 IST" duration-ms="20" status="PASS">
          <reporter-output>
          </reporter-output>
        </test-method> <!-- verify_PlaceHolder_Spelling -->
        <test-method signature="verify_password()[pri:35, instance:LinkHive.LinkHive.LoginTest@5038d0b5]" started-at="2025-03-25T16:52:37 IST" name="verify_password" finished-at="2025-03-25T16:52:37 IST" duration-ms="24" status="PASS">
          <reporter-output>
          </reporter-output>
        </test-method> <!-- verify_password -->
        <test-method signature="verify_signInButton_Spelling()[pri:36, instance:LinkHive.LinkHive.LoginTest@5038d0b5]" started-at="2025-03-25T16:52:37 IST" name="verify_signInButton_Spelling" finished-at="2025-03-25T16:52:37 IST" duration-ms="27" status="PASS">
          <reporter-output>
          </reporter-output>
        </test-method> <!-- verify_signInButton_Spelling -->
        <test-method signature="verify_signInButton_Or_Not()[pri:37, instance:LinkHive.LinkHive.LoginTest@5038d0b5]" started-at="2025-03-25T16:52:37 IST" name="verify_signInButton_Or_Not" finished-at="2025-03-25T16:52:37 IST" duration-ms="21" status="PASS">
          <reporter-output>
          </reporter-output>
        </test-method> <!-- verify_signInButton_Or_Not -->
        <test-method signature="verify_dontHaveAccount_Spelling()[pri:38, instance:LinkHive.LinkHive.LoginTest@5038d0b5]" started-at="2025-03-25T16:52:37 IST" name="verify_dontHaveAccount_Spelling" finished-at="2025-03-25T16:52:37 IST" duration-ms="31" status="PASS">
          <reporter-output>
          </reporter-output>
        </test-method> <!-- verify_dontHaveAccount_Spelling -->
        <test-method signature="verify_signUpLink()[pri:39, instance:LinkHive.LinkHive.LoginTest@5038d0b5]" started-at="2025-03-25T16:52:37 IST" name="verify_signUpLink" finished-at="2025-03-25T16:52:38 IST" duration-ms="909" status="PASS">
          <reporter-output>
          </reporter-output>
        </test-method> <!-- verify_signUpLink -->
        <test-method signature="verify_signInLink()[pri:40, instance:LinkHive.LinkHive.LoginTest@5038d0b5]" started-at="2025-03-25T16:52:38 IST" name="verify_signInLink" finished-at="2025-03-25T16:52:39 IST" duration-ms="918" status="PASS">
          <reporter-output>
          </reporter-output>
        </test-method> <!-- verify_signInLink -->
        <test-method signature="login_Cred(java.lang.String,java.lang.String)[pri:41, instance:LinkHive.LinkHive.LoginTest@5038d0b5]" started-at="2025-03-25T16:52:39 IST" name="login_Cred" data-provider="getSignInTestData" finished-at="2025-03-25T16:52:40 IST" duration-ms="448" status="PASS">
          <params>
            <param index="0">
              <value>
                <![CDATA[       ]]>
              </value>
            </param>
            <param index="1">
              <value>
                <![CDATA[shjsjkdkdkd]]>
              </value>
            </param>
          </params>
          <reporter-output>
          </reporter-output>
        </test-method> <!-- login_Cred -->
        <test-method signature="login_Cred(java.lang.String,java.lang.String)[pri:41, instance:LinkHive.LinkHive.LoginTest@5038d0b5]" started-at="2025-03-25T16:52:40 IST" name="login_Cred" data-provider="getSignInTestData" finished-at="2025-03-25T16:52:40 IST" duration-ms="469" status="PASS">
          <params>
            <param index="0">
              <value>
                <![CDATA[dmeo29984@gmail.com]]>
              </value>
            </param>
            <param index="1">
              <value>
                <![CDATA[]]>
              </value>
            </param>
          </params>
          <reporter-output>
          </reporter-output>
        </test-method> <!-- login_Cred -->
        <test-method signature="login_Cred(java.lang.String,java.lang.String)[pri:41, instance:LinkHive.LinkHive.LoginTest@5038d0b5]" started-at="2025-03-25T16:52:40 IST" name="login_Cred" data-provider="getSignInTestData" finished-at="2025-03-25T16:52:41 IST" duration-ms="496" status="PASS">
          <params>
            <param index="0">
              <value>
                <![CDATA[dm@g.com]]>
              </value>
            </param>
            <param index="1">
              <value>
                <![CDATA[jjddkdkkd]]>
              </value>
            </param>
          </params>
          <reporter-output>
          </reporter-output>
        </test-method> <!-- login_Cred -->
        <test-method signature="login_Cred(java.lang.String,java.lang.String)[pri:41, instance:LinkHive.LinkHive.LoginTest@5038d0b5]" started-at="2025-03-25T16:52:41 IST" name="login_Cred" data-provider="getSignInTestData" finished-at="2025-03-25T16:52:41 IST" duration-ms="517" status="FAIL">
          <params>
            <param index="0">
              <value>
                <![CDATA[dmeo29984@gmail.com]]>
              </value>
            </param>
            <param index="1">
              <value>
                <![CDATA[Dem]]>
              </value>
            </param>
          </params>
          <exception class="java.lang.AssertionError">
            <message>
              <![CDATA[expected [Password must be at least 6 characters long.] but found [Password must be at least 8 characters long.]]]>
            </message>
            <full-stacktrace>
              <![CDATA[java.lang.AssertionError: expected [Password must be at least 6 characters long.] but found [Password must be at least 8 characters long.]
at org.testng.Assert.fail(Assert.java:111)
at org.testng.Assert.failNotEquals(Assert.java:1578)
at org.testng.Assert.assertEqualsImpl(Assert.java:150)
at org.testng.Assert.assertEquals(Assert.java:132)
at org.testng.Assert.assertEquals(Assert.java:656)
at org.testng.Assert.assertEquals(Assert.java:666)
at LinkHive.LinkHive.LoginTest.login_Cred(LoginTest.java:149)
at java.base/jdk.internal.reflect.NativeMethodAccessorImpl.invoke0(Native Method)
at java.base/jdk.internal.reflect.NativeMethodAccessorImpl.invoke(NativeMethodAccessorImpl.java:77)
at java.base/jdk.internal.reflect.DelegatingMethodAccessorImpl.invoke(DelegatingMethodAccessorImpl.java:43)
at java.base/java.lang.reflect.Method.invoke(Method.java:568)
at org.testng.internal.invokers.MethodInvocationHelper.invokeMethod(MethodInvocationHelper.java:141)
at org.testng.internal.invokers.TestInvoker.invokeMethod(TestInvoker.java:686)
at org.testng.internal.invokers.TestInvoker.invokeTestMethod(TestInvoker.java:230)
at org.testng.internal.invokers.MethodRunner.runInSequence(MethodRunner.java:63)
at org.testng.internal.invokers.TestInvoker$MethodInvocationAgent.invoke(TestInvoker.java:992)
at org.testng.internal.invokers.TestInvoker.invokeTestMethods(TestInvoker.java:203)
at org.testng.internal.invokers.TestMethodWorker.invokeTestMethods(TestMethodWorker.java:154)
at org.testng.internal.invokers.TestMethodWorker.run(TestMethodWorker.java:134)
at java.base/java.util.ArrayList.forEach(ArrayList.java:1511)
at org.testng.TestRunner.privateRun(TestRunner.java:739)
at org.testng.TestRunner.run(TestRunner.java:614)
at org.testng.SuiteRunner.runTest(SuiteRunner.java:421)
at org.testng.SuiteRunner.runSequentially(SuiteRunner.java:413)
at org.testng.SuiteRunner.privateRun(SuiteRunner.java:373)
at org.testng.SuiteRunner.run(SuiteRunner.java:312)
at org.testng.SuiteRunnerWorker.runSuite(SuiteRunnerWorker.java:52)
at org.testng.SuiteRunnerWorker.run(SuiteRunnerWorker.java:95)
at org.testng.TestNG.runSuitesSequentially(TestNG.java:1274)
at org.testng.TestNG.runSuitesLocally(TestNG.java:1208)
at org.testng.TestNG.runSuites(TestNG.java:1112)
at org.testng.TestNG.run(TestNG.java:1079)
at org.testng.remote.AbstractRemoteTestNG.run(AbstractRemoteTestNG.java:115)
at org.testng.remote.RemoteTestNG.initAndRun(RemoteTestNG.java:293)
at org.testng.remote.RemoteTestNG.main(RemoteTestNG.java:91)
]]>
            </full-stacktrace>
          </exception> <!-- java.lang.AssertionError -->
          <reporter-output>
          </reporter-output>
        </test-method> <!-- login_Cred -->
        <test-method signature="login_Cred(java.lang.String,java.lang.String)[pri:41, instance:LinkHive.LinkHive.LoginTest@5038d0b5]" started-at="2025-03-25T16:52:42 IST" name="login_Cred" data-provider="getSignInTestData" finished-at="2025-03-25T16:53:13 IST" duration-ms="31307" status="FAIL">
          <params>
            <param index="0">
              <value>
                <![CDATA[mohamedirfan@skadits.com]]>
              </value>
            </param>
            <param index="1">
              <value>
                <![CDATA[Irfan1]]>
              </value>
            </param>
          </params>
          <exception class="org.openqa.selenium.TimeoutException">
            <message>
              <![CDATA[Expected condition failed: waiting for visibility of all [Proxy element for: DefaultElementLocator 'By.xpath: //div[@id = 'toast-container']/div/div[2]'] (tried for 20 second(s) with 500 milliseconds interval)]]>
            </message>
            <full-stacktrace>
              <![CDATA[org.openqa.selenium.TimeoutException: Expected condition failed: waiting for visibility of all [Proxy element for: DefaultElementLocator 'By.xpath: //div[@id = 'toast-container']/div/div[2]'] (tried for 20 second(s) with 500 milliseconds interval)
at org.openqa.selenium.support.ui.WebDriverWait.timeoutException(WebDriverWait.java:84)
at org.openqa.selenium.support.ui.FluentWait.until(FluentWait.java:228)
at BaseDetail.BaseDetail.waitForElementToBeVisible(BaseDetail.java:106)
at POM.LoginPage.scriptToaster(LoginPage.java:153)
at LinkHive.LinkHive.LoginTest.login_Cred(LoginTest.java:162)
at java.base/jdk.internal.reflect.NativeMethodAccessorImpl.invoke0(Native Method)
at java.base/jdk.internal.reflect.NativeMethodAccessorImpl.invoke(NativeMethodAccessorImpl.java:77)
at java.base/jdk.internal.reflect.DelegatingMethodAccessorImpl.invoke(DelegatingMethodAccessorImpl.java:43)
at java.base/java.lang.reflect.Method.invoke(Method.java:568)
at org.testng.internal.invokers.MethodInvocationHelper.invokeMethod(MethodInvocationHelper.java:141)
at org.testng.internal.invokers.TestInvoker.invokeMethod(TestInvoker.java:686)
at org.testng.internal.invokers.TestInvoker.invokeTestMethod(TestInvoker.java:230)
at org.testng.internal.invokers.MethodRunner.runInSequence(MethodRunner.java:63)
at org.testng.internal.invokers.TestInvoker$MethodInvocationAgent.invoke(TestInvoker.java:992)
at org.testng.internal.invokers.TestInvoker.invokeTestMethods(TestInvoker.java:203)
at org.testng.internal.invokers.TestMethodWorker.invokeTestMethods(TestMethodWorker.java:154)
at org.testng.internal.invokers.TestMethodWorker.run(TestMethodWorker.java:134)
at java.base/java.util.ArrayList.forEach(ArrayList.java:1511)
at org.testng.TestRunner.privateRun(TestRunner.java:739)
at org.testng.TestRunner.run(TestRunner.java:614)
at org.testng.SuiteRunner.runTest(SuiteRunner.java:421)
at org.testng.SuiteRunner.runSequentially(SuiteRunner.java:413)
at org.testng.SuiteRunner.privateRun(SuiteRunner.java:373)
at org.testng.SuiteRunner.run(SuiteRunner.java:312)
at org.testng.SuiteRunnerWorker.runSuite(SuiteRunnerWorker.java:52)
at org.testng.SuiteRunnerWorker.run(SuiteRunnerWorker.java:95)
at org.testng.TestNG.runSuitesSequentially(TestNG.java:1274)
at org.testng.TestNG.runSuitesLocally(TestNG.java:1208)
at org.testng.TestNG.runSuites(TestNG.java:1112)
at org.testng.TestNG.run(TestNG.java:1079)
at org.testng.remote.AbstractRemoteTestNG.run(AbstractRemoteTestNG.java:115)
at org.testng.remote.RemoteTestNG.initAndRun(RemoteTestNG.java:293)
at org.testng.remote.RemoteTestNG.main(RemoteTestNG.java:91)
Caused by: org.openqa.selenium.NoSuchElementException: no such element: Unable to locate element: {"method":"xpath","selector":"//div[@id = 'toast-container']/div/div[2]"}
  (Session info: chrome=134.0.6998.89)
For documentation on this error, please visit: https://www.selenium.dev/documentation/webdriver/troubleshooting/errors#no-such-element-exception
Build info: version: '4.24.0', revision: '748ffc9bc3'
System info: os.name: 'Windows 11', os.arch: 'amd64', os.version: '10.0', java.version: '17.0.8'
Driver info: org.openqa.selenium.chrome.ChromeDriver
Command: [e965453270f7c046ef9bf6779a2ad7e6, findElement {using=xpath, value=//div[@id = 'toast-container']/div/div[2]}]
Capabilities {acceptInsecureCerts: false, browserName: chrome, browserVersion: 134.0.6998.89, chrome: {chromedriverVersion: 134.0.6998.165 (fd886e2cb29..., userDataDir: C:\Users\Lenovo\AppData\Loc...}, fedcm:accounts: true, goog:chromeOptions: {debuggerAddress: localhost:55821}, networkConnectionEnabled: false, pageLoadStrategy: normal, platformName: windows, proxy: Proxy(), se:cdp: ws://localhost:55821/devtoo..., se:cdpVersion: 134.0.6998.89, setWindowRect: true, strictFileInteractability: false, timeouts: {implicit: 0, pageLoad: 300000, script: 30000}, unhandledPromptBehavior: dismiss and notify, webauthn:extension:credBlob: true, webauthn:extension:largeBlob: true, webauthn:extension:minPinLength: true, webauthn:extension:prf: true, webauthn:virtualAuthenticators: true}
Session ID: e965453270f7c046ef9bf6779a2ad7e6
at java.base/jdk.internal.reflect.NativeConstructorAccessorImpl.newInstance0(Native Method)
at java.base/jdk.internal.reflect.NativeConstructorAccessorImpl.newInstance(NativeConstructorAccessorImpl.java:77)
at java.base/jdk.internal.reflect.DelegatingConstructorAccessorImpl.newInstance(DelegatingConstructorAccessorImpl.java:45)
at java.base/java.lang.reflect.Constructor.newInstanceWithCaller(Constructor.java:499)
at java.base/java.lang.reflect.Constructor.newInstance(Constructor.java:480)
at org.openqa.selenium.remote.ErrorCodec.decode(ErrorCodec.java:167)
at org.openqa.selenium.remote.codec.w3c.W3CHttpResponseCodec.decode(W3CHttpResponseCodec.java:138)
at org.openqa.selenium.remote.codec.w3c.W3CHttpResponseCodec.decode(W3CHttpResponseCodec.java:50)
at org.openqa.selenium.remote.HttpCommandExecutor.execute(HttpCommandExecutor.java:190)
at org.openqa.selenium.remote.service.DriverCommandExecutor.invokeExecute(DriverCommandExecutor.java:216)
at org.openqa.selenium.remote.service.DriverCommandExecutor.execute(DriverCommandExecutor.java:174)
at org.openqa.selenium.remote.RemoteWebDriver.execute(RemoteWebDriver.java:545)
at org.openqa.selenium.remote.ElementLocation$ElementFinder$2.findElement(ElementLocation.java:165)
at org.openqa.selenium.remote.ElementLocation.findElement(ElementLocation.java:59)
at org.openqa.selenium.remote.RemoteWebDriver.findElement(RemoteWebDriver.java:368)
at org.openqa.selenium.remote.RemoteWebDriver.findElement(RemoteWebDriver.java:362)
at org.openqa.selenium.support.pagefactory.DefaultElementLocator.findElement(DefaultElementLocator.java:68)
at org.openqa.selenium.support.pagefactory.internal.LocatingElementHandler.invoke(LocatingElementHandler.java:38)
at jdk.proxy2/jdk.proxy2.$Proxy13.isDisplayed(Unknown Source)
at org.openqa.selenium.support.ui.ExpectedConditions$9.apply(ExpectedConditions.java:264)
at org.openqa.selenium.support.ui.ExpectedConditions$9.apply(ExpectedConditions.java:260)
at org.openqa.selenium.support.ui.FluentWait.until(FluentWait.java:203)
... 31 more
]]>
            </full-stacktrace>
          </exception> <!-- org.openqa.selenium.TimeoutException -->
          <reporter-output>
          </reporter-output>
        </test-method> <!-- login_Cred -->
        <test-method signature="login_Cred(java.lang.String,java.lang.String)[pri:41, instance:LinkHive.LinkHive.LoginTest@5038d0b5]" started-at="2025-03-25T16:53:14 IST" name="login_Cred" data-provider="getSignInTestData" finished-at="2025-03-25T16:53:30 IST" duration-ms="15743" status="PASS">
          <params>
            <param index="0">
              <value>
                <![CDATA[dmeo2998@gmail.com]]>
              </value>
            </param>
            <param index="1">
              <value>
                <![CDATA[Irfan123]]>
              </value>
            </param>
          </params>
          <reporter-output>
          </reporter-output>
        </test-method> <!-- login_Cred -->
        <test-method signature="login_Cred(java.lang.String,java.lang.String)[pri:41, instance:LinkHive.LinkHive.LoginTest@5038d0b5]" started-at="2025-03-25T16:53:30 IST" name="login_Cred" data-provider="getSignInTestData" finished-at="2025-03-25T16:54:02 IST" duration-ms="32184" status="FAIL">
          <params>
            <param index="0">
              <value>
                <![CDATA[dmeo29984@gmail.com]]>
              </value>
            </param>
            <param index="1">
              <value>
                <![CDATA[Irfan1]]>
              </value>
            </param>
          </params>
          <exception class="org.openqa.selenium.TimeoutException">
            <message>
              <![CDATA[Expected condition failed: waiting for visibility of all [Proxy element for: DefaultElementLocator 'By.xpath: //div[@id = 'toast-container']/div/div[2]'] (tried for 20 second(s) with 500 milliseconds interval)]]>
            </message>
            <full-stacktrace>
              <![CDATA[org.openqa.selenium.TimeoutException: Expected condition failed: waiting for visibility of all [Proxy element for: DefaultElementLocator 'By.xpath: //div[@id = 'toast-container']/div/div[2]'] (tried for 20 second(s) with 500 milliseconds interval)
at org.openqa.selenium.support.ui.WebDriverWait.timeoutException(WebDriverWait.java:84)
at org.openqa.selenium.support.ui.FluentWait.until(FluentWait.java:228)
at BaseDetail.BaseDetail.waitForElementToBeVisible(BaseDetail.java:106)
at POM.LoginPage.scriptToaster(LoginPage.java:153)
at LinkHive.LinkHive.LoginTest.login_Cred(LoginTest.java:162)
at java.base/jdk.internal.reflect.NativeMethodAccessorImpl.invoke0(Native Method)
at java.base/jdk.internal.reflect.NativeMethodAccessorImpl.invoke(NativeMethodAccessorImpl.java:77)
at java.base/jdk.internal.reflect.DelegatingMethodAccessorImpl.invoke(DelegatingMethodAccessorImpl.java:43)
at java.base/java.lang.reflect.Method.invoke(Method.java:568)
at org.testng.internal.invokers.MethodInvocationHelper.invokeMethod(MethodInvocationHelper.java:141)
at org.testng.internal.invokers.TestInvoker.invokeMethod(TestInvoker.java:686)
at org.testng.internal.invokers.TestInvoker.invokeTestMethod(TestInvoker.java:230)
at org.testng.internal.invokers.MethodRunner.runInSequence(MethodRunner.java:63)
at org.testng.internal.invokers.TestInvoker$MethodInvocationAgent.invoke(TestInvoker.java:992)
at org.testng.internal.invokers.TestInvoker.invokeTestMethods(TestInvoker.java:203)
at org.testng.internal.invokers.TestMethodWorker.invokeTestMethods(TestMethodWorker.java:154)
at org.testng.internal.invokers.TestMethodWorker.run(TestMethodWorker.java:134)
at java.base/java.util.ArrayList.forEach(ArrayList.java:1511)
at org.testng.TestRunner.privateRun(TestRunner.java:739)
at org.testng.TestRunner.run(TestRunner.java:614)
at org.testng.SuiteRunner.runTest(SuiteRunner.java:421)
at org.testng.SuiteRunner.runSequentially(SuiteRunner.java:413)
at org.testng.SuiteRunner.privateRun(SuiteRunner.java:373)
at org.testng.SuiteRunner.run(SuiteRunner.java:312)
at org.testng.SuiteRunnerWorker.runSuite(SuiteRunnerWorker.java:52)
at org.testng.SuiteRunnerWorker.run(SuiteRunnerWorker.java:95)
at org.testng.TestNG.runSuitesSequentially(TestNG.java:1274)
at org.testng.TestNG.runSuitesLocally(TestNG.java:1208)
at org.testng.TestNG.runSuites(TestNG.java:1112)
at org.testng.TestNG.run(TestNG.java:1079)
at org.testng.remote.AbstractRemoteTestNG.run(AbstractRemoteTestNG.java:115)
at org.testng.remote.RemoteTestNG.initAndRun(RemoteTestNG.java:293)
at org.testng.remote.RemoteTestNG.main(RemoteTestNG.java:91)
Caused by: org.openqa.selenium.NoSuchElementException: no such element: Unable to locate element: {"method":"xpath","selector":"//div[@id = 'toast-container']/div/div[2]"}
  (Session info: chrome=134.0.6998.89)
For documentation on this error, please visit: https://www.selenium.dev/documentation/webdriver/troubleshooting/errors#no-such-element-exception
Build info: version: '4.24.0', revision: '748ffc9bc3'
System info: os.name: 'Windows 11', os.arch: 'amd64', os.version: '10.0', java.version: '17.0.8'
Driver info: org.openqa.selenium.chrome.ChromeDriver
Command: [e965453270f7c046ef9bf6779a2ad7e6, findElement {using=xpath, value=//div[@id = 'toast-container']/div/div[2]}]
Capabilities {acceptInsecureCerts: false, browserName: chrome, browserVersion: 134.0.6998.89, chrome: {chromedriverVersion: 134.0.6998.165 (fd886e2cb29..., userDataDir: C:\Users\Lenovo\AppData\Loc...}, fedcm:accounts: true, goog:chromeOptions: {debuggerAddress: localhost:55821}, networkConnectionEnabled: false, pageLoadStrategy: normal, platformName: windows, proxy: Proxy(), se:cdp: ws://localhost:55821/devtoo..., se:cdpVersion: 134.0.6998.89, setWindowRect: true, strictFileInteractability: false, timeouts: {implicit: 0, pageLoad: 300000, script: 30000}, unhandledPromptBehavior: dismiss and notify, webauthn:extension:credBlob: true, webauthn:extension:largeBlob: true, webauthn:extension:minPinLength: true, webauthn:extension:prf: true, webauthn:virtualAuthenticators: true}
Session ID: e965453270f7c046ef9bf6779a2ad7e6
at java.base/jdk.internal.reflect.NativeConstructorAccessorImpl.newInstance0(Native Method)
at java.base/jdk.internal.reflect.NativeConstructorAccessorImpl.newInstance(NativeConstructorAccessorImpl.java:77)
at java.base/jdk.internal.reflect.DelegatingConstructorAccessorImpl.newInstance(DelegatingConstructorAccessorImpl.java:45)
at java.base/java.lang.reflect.Constructor.newInstanceWithCaller(Constructor.java:499)
at java.base/java.lang.reflect.Constructor.newInstance(Constructor.java:480)
at org.openqa.selenium.remote.ErrorCodec.decode(ErrorCodec.java:167)
at org.openqa.selenium.remote.codec.w3c.W3CHttpResponseCodec.decode(W3CHttpResponseCodec.java:138)
at org.openqa.selenium.remote.codec.w3c.W3CHttpResponseCodec.decode(W3CHttpResponseCodec.java:50)
at org.openqa.selenium.remote.HttpCommandExecutor.execute(HttpCommandExecutor.java:190)
at org.openqa.selenium.remote.service.DriverCommandExecutor.invokeExecute(DriverCommandExecutor.java:216)
at org.openqa.selenium.remote.service.DriverCommandExecutor.execute(DriverCommandExecutor.java:174)
at org.openqa.selenium.remote.RemoteWebDriver.execute(RemoteWebDriver.java:545)
at org.openqa.selenium.remote.ElementLocation$ElementFinder$2.findElement(ElementLocation.java:165)
at org.openqa.selenium.remote.ElementLocation.findElement(ElementLocation.java:59)
at org.openqa.selenium.remote.RemoteWebDriver.findElement(RemoteWebDriver.java:368)
at org.openqa.selenium.remote.RemoteWebDriver.findElement(RemoteWebDriver.java:362)
at org.openqa.selenium.support.pagefactory.DefaultElementLocator.findElement(DefaultElementLocator.java:68)
at org.openqa.selenium.support.pagefactory.internal.LocatingElementHandler.invoke(LocatingElementHandler.java:38)
at jdk.proxy2/jdk.proxy2.$Proxy13.isDisplayed(Unknown Source)
at org.openqa.selenium.support.ui.ExpectedConditions$9.apply(ExpectedConditions.java:264)
at org.openqa.selenium.support.ui.ExpectedConditions$9.apply(ExpectedConditions.java:260)
at org.openqa.selenium.support.ui.FluentWait.until(FluentWait.java:203)
... 31 more
]]>
            </full-stacktrace>
          </exception> <!-- org.openqa.selenium.TimeoutException -->
          <reporter-output>
          </reporter-output>
        </test-method> <!-- login_Cred -->
        <test-method signature="login_Cred(java.lang.String,java.lang.String)[pri:41, instance:LinkHive.LinkHive.LoginTest@5038d0b5]" started-at="2025-03-25T16:54:03 IST" name="login_Cred" data-provider="getSignInTestData" finished-at="2025-03-25T16:54:35 IST" duration-ms="32334" status="FAIL">
          <params>
            <param index="0">
              <value>
                <![CDATA[dmeo29984@gmail.com]]>
              </value>
            </param>
            <param index="1">
              <value>
                <![CDATA[<script>]]>
              </value>
            </param>
          </params>
          <exception class="org.openqa.selenium.TimeoutException">
            <message>
              <![CDATA[Expected condition failed: waiting for visibility of all [Proxy element for: DefaultElementLocator 'By.xpath: //div[@id = 'toast-container']/div/div[2]'] (tried for 20 second(s) with 500 milliseconds interval)]]>
            </message>
            <full-stacktrace>
              <![CDATA[org.openqa.selenium.TimeoutException: Expected condition failed: waiting for visibility of all [Proxy element for: DefaultElementLocator 'By.xpath: //div[@id = 'toast-container']/div/div[2]'] (tried for 20 second(s) with 500 milliseconds interval)
at org.openqa.selenium.support.ui.WebDriverWait.timeoutException(WebDriverWait.java:84)
at org.openqa.selenium.support.ui.FluentWait.until(FluentWait.java:228)
at BaseDetail.BaseDetail.waitForElementToBeVisible(BaseDetail.java:106)
at POM.LoginPage.scriptToaster(LoginPage.java:153)
at LinkHive.LinkHive.LoginTest.login_Cred(LoginTest.java:152)
at java.base/jdk.internal.reflect.NativeMethodAccessorImpl.invoke0(Native Method)
at java.base/jdk.internal.reflect.NativeMethodAccessorImpl.invoke(NativeMethodAccessorImpl.java:77)
at java.base/jdk.internal.reflect.DelegatingMethodAccessorImpl.invoke(DelegatingMethodAccessorImpl.java:43)
at java.base/java.lang.reflect.Method.invoke(Method.java:568)
at org.testng.internal.invokers.MethodInvocationHelper.invokeMethod(MethodInvocationHelper.java:141)
at org.testng.internal.invokers.TestInvoker.invokeMethod(TestInvoker.java:686)
at org.testng.internal.invokers.TestInvoker.invokeTestMethod(TestInvoker.java:230)
at org.testng.internal.invokers.MethodRunner.runInSequence(MethodRunner.java:63)
at org.testng.internal.invokers.TestInvoker$MethodInvocationAgent.invoke(TestInvoker.java:992)
at org.testng.internal.invokers.TestInvoker.invokeTestMethods(TestInvoker.java:203)
at org.testng.internal.invokers.TestMethodWorker.invokeTestMethods(TestMethodWorker.java:154)
at org.testng.internal.invokers.TestMethodWorker.run(TestMethodWorker.java:134)
at java.base/java.util.ArrayList.forEach(ArrayList.java:1511)
at org.testng.TestRunner.privateRun(TestRunner.java:739)
at org.testng.TestRunner.run(TestRunner.java:614)
at org.testng.SuiteRunner.runTest(SuiteRunner.java:421)
at org.testng.SuiteRunner.runSequentially(SuiteRunner.java:413)
at org.testng.SuiteRunner.privateRun(SuiteRunner.java:373)
at org.testng.SuiteRunner.run(SuiteRunner.java:312)
at org.testng.SuiteRunnerWorker.runSuite(SuiteRunnerWorker.java:52)
at org.testng.SuiteRunnerWorker.run(SuiteRunnerWorker.java:95)
at org.testng.TestNG.runSuitesSequentially(TestNG.java:1274)
at org.testng.TestNG.runSuitesLocally(TestNG.java:1208)
at org.testng.TestNG.runSuites(TestNG.java:1112)
at org.testng.TestNG.run(TestNG.java:1079)
at org.testng.remote.AbstractRemoteTestNG.run(AbstractRemoteTestNG.java:115)
at org.testng.remote.RemoteTestNG.initAndRun(RemoteTestNG.java:293)
at org.testng.remote.RemoteTestNG.main(RemoteTestNG.java:91)
Caused by: org.openqa.selenium.NoSuchElementException: no such element: Unable to locate element: {"method":"xpath","selector":"//div[@id = 'toast-container']/div/div[2]"}
  (Session info: chrome=134.0.6998.89)
For documentation on this error, please visit: https://www.selenium.dev/documentation/webdriver/troubleshooting/errors#no-such-element-exception
Build info: version: '4.24.0', revision: '748ffc9bc3'
System info: os.name: 'Windows 11', os.arch: 'amd64', os.version: '10.0', java.version: '17.0.8'
Driver info: org.openqa.selenium.chrome.ChromeDriver
Command: [e965453270f7c046ef9bf6779a2ad7e6, findElement {using=xpath, value=//div[@id = 'toast-container']/div/div[2]}]
Capabilities {acceptInsecureCerts: false, browserName: chrome, browserVersion: 134.0.6998.89, chrome: {chromedriverVersion: 134.0.6998.165 (fd886e2cb29..., userDataDir: C:\Users\Lenovo\AppData\Loc...}, fedcm:accounts: true, goog:chromeOptions: {debuggerAddress: localhost:55821}, networkConnectionEnabled: false, pageLoadStrategy: normal, platformName: windows, proxy: Proxy(), se:cdp: ws://localhost:55821/devtoo..., se:cdpVersion: 134.0.6998.89, setWindowRect: true, strictFileInteractability: false, timeouts: {implicit: 0, pageLoad: 300000, script: 30000}, unhandledPromptBehavior: dismiss and notify, webauthn:extension:credBlob: true, webauthn:extension:largeBlob: true, webauthn:extension:minPinLength: true, webauthn:extension:prf: true, webauthn:virtualAuthenticators: true}
Session ID: e965453270f7c046ef9bf6779a2ad7e6
at java.base/jdk.internal.reflect.NativeConstructorAccessorImpl.newInstance0(Native Method)
at java.base/jdk.internal.reflect.NativeConstructorAccessorImpl.newInstance(NativeConstructorAccessorImpl.java:77)
at java.base/jdk.internal.reflect.DelegatingConstructorAccessorImpl.newInstance(DelegatingConstructorAccessorImpl.java:45)
at java.base/java.lang.reflect.Constructor.newInstanceWithCaller(Constructor.java:499)
at java.base/java.lang.reflect.Constructor.newInstance(Constructor.java:480)
at org.openqa.selenium.remote.ErrorCodec.decode(ErrorCodec.java:167)
at org.openqa.selenium.remote.codec.w3c.W3CHttpResponseCodec.decode(W3CHttpResponseCodec.java:138)
at org.openqa.selenium.remote.codec.w3c.W3CHttpResponseCodec.decode(W3CHttpResponseCodec.java:50)
at org.openqa.selenium.remote.HttpCommandExecutor.execute(HttpCommandExecutor.java:190)
at org.openqa.selenium.remote.service.DriverCommandExecutor.invokeExecute(DriverCommandExecutor.java:216)
at org.openqa.selenium.remote.service.DriverCommandExecutor.execute(DriverCommandExecutor.java:174)
at org.openqa.selenium.remote.RemoteWebDriver.execute(RemoteWebDriver.java:545)
at org.openqa.selenium.remote.ElementLocation$ElementFinder$2.findElement(ElementLocation.java:165)
at org.openqa.selenium.remote.ElementLocation.findElement(ElementLocation.java:59)
at org.openqa.selenium.remote.RemoteWebDriver.findElement(RemoteWebDriver.java:368)
at org.openqa.selenium.remote.RemoteWebDriver.findElement(RemoteWebDriver.java:362)
at org.openqa.selenium.support.pagefactory.DefaultElementLocator.findElement(DefaultElementLocator.java:68)
at org.openqa.selenium.support.pagefactory.internal.LocatingElementHandler.invoke(LocatingElementHandler.java:38)
at jdk.proxy2/jdk.proxy2.$Proxy13.isDisplayed(Unknown Source)
at org.openqa.selenium.support.ui.ExpectedConditions$9.apply(ExpectedConditions.java:264)
at org.openqa.selenium.support.ui.ExpectedConditions$9.apply(ExpectedConditions.java:260)
at org.openqa.selenium.support.ui.FluentWait.until(FluentWait.java:203)
... 31 more
]]>
            </full-stacktrace>
          </exception> <!-- org.openqa.selenium.TimeoutException -->
          <reporter-output>
          </reporter-output>
        </test-method> <!-- login_Cred -->
        <test-method signature="login_Cred(java.lang.String,java.lang.String)[pri:41, instance:LinkHive.LinkHive.LoginTest@5038d0b5]" started-at="2025-03-25T16:54:35 IST" name="login_Cred" data-provider="getSignInTestData" finished-at="2025-03-25T16:54:37 IST" duration-ms="1694" status="PASS">
          <params>
            <param index="0">
              <value>
                <![CDATA[hexanewuser1@gmail.com]]>
              </value>
            </param>
            <param index="1">
              <value>
                <![CDATA[Test@123]]>
              </value>
            </param>
          </params>
          <reporter-output>
          </reporter-output>
        </test-method> <!-- login_Cred -->
      </class> <!-- LinkHive.LinkHive.LoginTest -->
    </test> <!-- Test -->
  </suite> <!-- Suite -->
</testng-results>
