<?xml version="1.0" encoding="UTF-8"?>
<!-- Generated by org.testng.reporters.JUnitReportReporter -->
<testsuite hostname="DESKTOP-JAQ1CI6" failures="0" tests="78" name="LinkHive.LinkHive.SocialMediaIconsTest" time="29.540" errors="0" timestamp="2025-02-25T11:38:10 IST" skipped="0">
  <testcase classname="LinkHive.LinkHive.SocialMediaIconsTest" name="clickSocialMediaTab_AndAddOtherSocialBtnDisplayedOrNot" time="0.374"/>
  <testcase classname="LinkHive.LinkHive.SocialMediaIconsTest" name="verify_getAddOthersSocialSpelling" time="0.227"/>
  <testcase classname="LinkHive.LinkHive.SocialMediaIconsTest" name="verify_AddOtherSocialBtnIsEnableOrNot" time="0.030"/>
  <testcase classname="LinkHive.LinkHive.SocialMediaIconsTest" name="verify_makeItEasySpelling" time="0.061"/>
  <testcase classname="LinkHive.LinkHive.SocialMediaIconsTest" name="verify_dragToReOrderSpelling" time="0.059"/>
  <testcase classname="LinkHive.LinkHive.SocialMediaIconsTest" name="verify_customizeYourSocialSpelling" time="0.353"/>
  <testcase classname="LinkHive.LinkHive.SocialMediaIconsTest" name="verify_featureIconsSpelling" time="0.083"/>
  <testcase classname="LinkHive.LinkHive.SocialMediaIconsTest" name="verify_topLabelSpelling" time="0.088"/>
  <testcase classname="LinkHive.LinkHive.SocialMediaIconsTest" name="verify_bottomLabelSpelling" time="0.056"/>
  <testcase classname="LinkHive.LinkHive.SocialMediaIconsTest" name="verify_faceBookLogoDisplayOrNot" time="0.061"/>
  <testcase classname="LinkHive.LinkHive.SocialMediaIconsTest" name="verify_faceBookSpelling" time="0.475"/>
  <testcase classname="LinkHive.LinkHive.SocialMediaIconsTest" name="verify_faceBookPlaceHolder" time="0.087"/>
  <testcase classname="LinkHive.LinkHive.SocialMediaIconsTest" name="verify_faceBookInputEnabledOrNot" time="0.081"/>
  <testcase classname="LinkHive.LinkHive.SocialMediaIconsTest" name="verify_instagramLogoDisplayOrNot" time="0.352"/>
  <testcase classname="LinkHive.LinkHive.SocialMediaIconsTest" name="verify_instagramSpelling" time="0.106"/>
  <testcase classname="LinkHive.LinkHive.SocialMediaIconsTest" name="verify_instagramPlaceHolder" time="0.104"/>
  <testcase classname="LinkHive.LinkHive.SocialMediaIconsTest" name="verify_instagramInputEnabledOrNot" time="0.071"/>
  <testcase classname="LinkHive.LinkHive.SocialMediaIconsTest" name="verify_twitterLogoDisplayOrNot" time="0.381"/>
  <testcase classname="LinkHive.LinkHive.SocialMediaIconsTest" name="verify_twitterSpelling" time="0.057"/>
  <testcase classname="LinkHive.LinkHive.SocialMediaIconsTest" name="verify_twitterPlaceHolder" time="0.058"/>
  <testcase classname="LinkHive.LinkHive.SocialMediaIconsTest" name="verify_twitterInputEnabledOrNot" time="0.059"/>
  <testcase classname="LinkHive.LinkHive.SocialMediaIconsTest" name="verify_linkedInLogoDisplayOrNot" time="0.277"/>
  <testcase classname="LinkHive.LinkHive.SocialMediaIconsTest" name="verify_linkedInSpelling" time="0.069"/>
  <testcase classname="LinkHive.LinkHive.SocialMediaIconsTest" name="verify_linkedInPlaceHolder" time="0.065"/>
  <testcase classname="LinkHive.LinkHive.SocialMediaIconsTest" name="verify_linkedInInputEnabledOrNot" time="0.064"/>
  <testcase classname="LinkHive.LinkHive.SocialMediaIconsTest" name="verify_youtubeLogoDisplayOrNot" time="0.350"/>
  <testcase classname="LinkHive.LinkHive.SocialMediaIconsTest" name="verify_youtubeSpelling" time="0.084"/>
  <testcase classname="LinkHive.LinkHive.SocialMediaIconsTest" name="verify_youtubePlaceHolder" time="0.083"/>
  <testcase classname="LinkHive.LinkHive.SocialMediaIconsTest" name="verify_youtubeInputEnabledOrNot" time="0.081"/>
  <testcase classname="LinkHive.LinkHive.SocialMediaIconsTest" name="verify_whatsAppLogoDisplayOrNot" time="0.296"/>
  <testcase classname="LinkHive.LinkHive.SocialMediaIconsTest" name="verify_whatsAppSpelling" time="0.049"/>
  <testcase classname="LinkHive.LinkHive.SocialMediaIconsTest" name="verify_whatsAppPlaceHolder" time="0.053"/>
  <testcase classname="LinkHive.LinkHive.SocialMediaIconsTest" name="verify_whatsAppInputEnabledOrNot" time="0.160"/>
  <testcase classname="LinkHive.LinkHive.SocialMediaIconsTest" name="verify_snapchatLogoDisplayOrNot" time="0.055"/>
  <testcase classname="LinkHive.LinkHive.SocialMediaIconsTest" name="verify_snapchatSpelling" time="0.049"/>
  <testcase classname="LinkHive.LinkHive.SocialMediaIconsTest" name="verify_snapchatPlaceHolder" time="0.052"/>
  <testcase classname="LinkHive.LinkHive.SocialMediaIconsTest" name="verify_snapchatInputEnabledOrNot" time="0.201"/>
  <testcase classname="LinkHive.LinkHive.SocialMediaIconsTest" name="verify_discordLogoDisplayOrNot" time="0.093"/>
  <testcase classname="LinkHive.LinkHive.SocialMediaIconsTest" name="verify_discordSpelling" time="0.098"/>
  <testcase classname="LinkHive.LinkHive.SocialMediaIconsTest" name="verify_discordPlaceHolder" time="0.422"/>
  <testcase classname="LinkHive.LinkHive.SocialMediaIconsTest" name="verify_discordInputEnabledOrNot" time="0.067"/>
  <testcase classname="LinkHive.LinkHive.SocialMediaIconsTest" name="verify_threadsLogoDisplayOrNot" time="0.086"/>
  <testcase classname="LinkHive.LinkHive.SocialMediaIconsTest" name="verify_threadsSpelling" time="0.066"/>
  <testcase classname="LinkHive.LinkHive.SocialMediaIconsTest" name="verify_threadsPlaceHolder" time="0.072"/>
  <testcase classname="LinkHive.LinkHive.SocialMediaIconsTest" name="verify_threadsInputEnabledOrNot" time="0.241"/>
  <testcase classname="LinkHive.LinkHive.SocialMediaIconsTest" name="verify_dribbleLogoDisplayOrNot" time="0.060"/>
  <testcase classname="LinkHive.LinkHive.SocialMediaIconsTest" name="verify_dribbleSpelling" time="0.047"/>
  <testcase classname="LinkHive.LinkHive.SocialMediaIconsTest" name="verify_dribblePlaceHolder" time="0.325"/>
  <testcase classname="LinkHive.LinkHive.SocialMediaIconsTest" name="verify_dribbleInputEnabledOrNot" time="0.039"/>
  <testcase classname="LinkHive.LinkHive.SocialMediaIconsTest" name="verify_tikTokLogoDisplayOrNot" time="0.053"/>
  <testcase classname="LinkHive.LinkHive.SocialMediaIconsTest" name="verify_tikTokSpelling" time="0.091"/>
  <testcase classname="LinkHive.LinkHive.SocialMediaIconsTest" name="verify_tikTokPlaceHolder" time="0.465"/>
  <testcase classname="LinkHive.LinkHive.SocialMediaIconsTest" name="verify_tikTokInputEnabledOrNot" time="0.069"/>
  <testcase classname="LinkHive.LinkHive.SocialMediaIconsTest" name="verify_twitchLogoDisplayOrNot" time="0.084"/>
  <testcase classname="LinkHive.LinkHive.SocialMediaIconsTest" name="verify_twitchSpelling" time="0.080"/>
  <testcase classname="LinkHive.LinkHive.SocialMediaIconsTest" name="verify_twitchPlaceHolder" time="0.084"/>
  <testcase classname="LinkHive.LinkHive.SocialMediaIconsTest" name="verify_twitchInputEnabledOrNot" time="0.283"/>
  <testcase classname="LinkHive.LinkHive.SocialMediaIconsTest" name="verify_pinterestLogoDisplayOrNot" time="0.067"/>
  <testcase classname="LinkHive.LinkHive.SocialMediaIconsTest" name="verify_pinterestSpelling" time="0.088"/>
  <testcase classname="LinkHive.LinkHive.SocialMediaIconsTest" name="verify_pinterestPlaceHolder" time="0.078"/>
  <testcase classname="LinkHive.LinkHive.SocialMediaIconsTest" name="verify_pinterestInputEnabledOrNot" time="0.298"/>
  <testcase classname="LinkHive.LinkHive.SocialMediaIconsTest" name="verify_redditLogoDisplayOrNot" time="0.056"/>
  <testcase classname="LinkHive.LinkHive.SocialMediaIconsTest" name="verify_redditSpelling" time="0.043"/>
  <testcase classname="LinkHive.LinkHive.SocialMediaIconsTest" name="verify_redditPlaceHolder" time="0.041"/>
  <testcase classname="LinkHive.LinkHive.SocialMediaIconsTest" name="verify_redditInputEnabledOrNot" time="0.040"/>
  <testcase classname="LinkHive.LinkHive.SocialMediaIconsTest" name="verify_addSocialBtnSpelling" time="0.045"/>
  <testcase classname="LinkHive.LinkHive.SocialMediaIconsTest" name="verify_addSocialBtnDisplay" time="0.036"/>
  <testcase classname="LinkHive.LinkHive.SocialMediaIconsTest" name="verify_customSocialLogoDisplayOrNot" time="0.094"/>
  <testcase classname="LinkHive.LinkHive.SocialMediaIconsTest" name="verify_customSocialPlaceHolder" time="0.244"/>
  <testcase classname="LinkHive.LinkHive.SocialMediaIconsTest" name="verify_customSocialSpelling" time="0.069"/>
  <testcase classname="LinkHive.LinkHive.SocialMediaIconsTest" name="verify_customSocialInputEnabledOrNot" time="0.061"/>
  <testcase classname="LinkHive.LinkHive.SocialMediaIconsTest" name="verify_deletePopUpDisplay" time="0.334"/>
  <testcase classname="LinkHive.LinkHive.SocialMediaIconsTest" name="verify_deleteAreYouSureSpelling" time="13.787"/>
  <testcase classname="LinkHive.LinkHive.SocialMediaIconsTest" name="verify_deleteConfirmSpelling" time="1.247"/>
  <testcase classname="LinkHive.LinkHive.SocialMediaIconsTest" name="verify_yesDeleteItSpelling" time="1.175"/>
  <testcase classname="LinkHive.LinkHive.SocialMediaIconsTest" name="verify_YesDeleteItbuttonEnable" time="0.990"/>
  <testcase classname="LinkHive.LinkHive.SocialMediaIconsTest" name="verify_closeBtnSpelling" time="1.236"/>
  <testcase classname="LinkHive.LinkHive.SocialMediaIconsTest" name="verify_closeBtnEnable" time="1.475"/>
</testsuite> <!-- LinkHive.LinkHive.SocialMediaIconsTest -->
