<?xml version="1.0" encoding="UTF-8"?>
<!-- Generated by org.testng.reporters.JUnitReportReporter -->
<testsuite hostname="DESKTOP-JAQ1CI6" failures="0" tests="41" name="LinkHive.LinkHive.SignUpTest" time="21.435" errors="0" timestamp="2025-03-25T16:54:37 IST" skipped="0">
  <testcase classname="LinkHive.LinkHive.SignUpTest" name="getCurrentUrl" time="0.022"/>
  <testcase classname="LinkHive.LinkHive.SignUpTest" name="getCurrentTitle" time="0.015"/>
  <testcase classname="LinkHive.LinkHive.SignUpTest" name="verify_LinkHive_Logo" time="0.055"/>
  <testcase classname="LinkHive.LinkHive.SignUpTest" name="verify_SignUpText" time="0.042"/>
  <testcase classname="LinkHive.LinkHive.SignUpTest" name="verify_firstNameLabel_Spelling" time="0.031"/>
  <testcase classname="LinkHive.LinkHive.SignUpTest" name="verify_firstNamePlaceHolder_Spelling" time="0.037"/>
  <testcase classname="LinkHive.LinkHive.SignUpTest" name="verify_firstNameEnableOrNot" time="0.037"/>
  <testcase classname="LinkHive.LinkHive.SignUpTest" name="verify_lastNameLebel_Spelling" time="0.041"/>
  <testcase classname="LinkHive.LinkHive.SignUpTest" name="verify_lastNamePlaceHolder_Spelling" time="0.028"/>
  <testcase classname="LinkHive.LinkHive.SignUpTest" name="verify_lastNameEnableOrNot" time="0.028"/>
  <testcase classname="LinkHive.LinkHive.SignUpTest" name="verify_emailLabel_Spelling" time="0.032"/>
  <testcase classname="LinkHive.LinkHive.SignUpTest" name="verify_emailPlaceHolder_Spelling" time="0.027"/>
  <testcase classname="LinkHive.LinkHive.SignUpTest" name="verify_emailEnableOrNot" time="0.027"/>
  <testcase classname="LinkHive.LinkHive.SignUpTest" name="verify_passwordLabel_Spelling" time="0.031"/>
  <testcase classname="LinkHive.LinkHive.SignUpTest" name="verify_passwordPlaceHolder_Spelling" time="0.025"/>
  <testcase classname="LinkHive.LinkHive.SignUpTest" name="verify_passwordEnableOrNot" time="0.025"/>
  <testcase classname="LinkHive.LinkHive.SignUpTest" name="verify_confirmPasswordLabel_Spelling" time="0.029"/>
  <testcase classname="LinkHive.LinkHive.SignUpTest" name="verify_confirmPasswordPlaceHolder_Spelling" time="0.031"/>
  <testcase classname="LinkHive.LinkHive.SignUpTest" name="verify_confirmPasswordEnableOrNot" time="0.023"/>
  <testcase classname="LinkHive.LinkHive.SignUpTest" name="verify_signUp_Spelling" time="0.027"/>
  <testcase classname="LinkHive.LinkHive.SignUpTest" name="verify_signUpButtonEnableorNot" time="0.020"/>
  <testcase classname="LinkHive.LinkHive.SignUpTest" name="verify_alreadyHaveAccount_Spelling" time="0.032"/>
  <testcase classname="LinkHive.LinkHive.SignUpTest" name="login_SignUp" time="0.843"/>
  <testcase classname="LinkHive.LinkHive.SignUpTest" name="login_SignUp" time="1.058"/>
  <testcase classname="LinkHive.LinkHive.SignUpTest" name="login_SignUp" time="1.424"/>
  <testcase classname="LinkHive.LinkHive.SignUpTest" name="login_SignUp" time="1.055"/>
  <testcase classname="LinkHive.LinkHive.SignUpTest" name="login_SignUp" time="0.981"/>
  <testcase classname="LinkHive.LinkHive.SignUpTest" name="login_SignUp" time="0.986"/>
  <testcase classname="LinkHive.LinkHive.SignUpTest" name="login_SignUp" time="1.479"/>
  <testcase classname="LinkHive.LinkHive.SignUpTest" name="login_SignUp" time="1.095"/>
  <testcase classname="LinkHive.LinkHive.SignUpTest" name="login_SignUp" time="0.927"/>
  <testcase classname="LinkHive.LinkHive.SignUpTest" name="login_SignUp" time="1.006"/>
  <testcase classname="LinkHive.LinkHive.SignUpTest" name="login_SignUp" time="1.016"/>
  <testcase classname="LinkHive.LinkHive.SignUpTest" name="login_SignUp" time="1.100"/>
  <testcase classname="LinkHive.LinkHive.SignUpTest" name="login_SignUp" time="0.939"/>
  <testcase classname="LinkHive.LinkHive.SignUpTest" name="login_SignUp" time="1.265"/>
  <testcase classname="LinkHive.LinkHive.SignUpTest" name="login_SignUp" time="1.020"/>
  <testcase classname="LinkHive.LinkHive.SignUpTest" name="login_SignUp" time="1.116"/>
  <testcase classname="LinkHive.LinkHive.SignUpTest" name="login_SignUp" time="1.149"/>
  <testcase classname="LinkHive.LinkHive.SignUpTest" name="login_SignUp" time="1.131"/>
  <testcase classname="LinkHive.LinkHive.SignUpTest" name="verify_clickSignIn" time="1.180"/>
</testsuite> <!-- LinkHive.LinkHive.SignUpTest -->
