<?xml version="1.0" encoding="UTF-8"?>
<!-- Generated by org.testng.reporters.JUnitReportReporter -->
<testsuite hostname="DESKTOP-JAQ1CI6" failures="0" tests="41" name="LinkHive.LinkHive.AddLinkTest" time="32.656" errors="1" timestamp="2025-02-26T17:07:07 IST" skipped="40">
  <testcase classname="LinkHive.LinkHive.AddLinkTest" name="setUp" time="32.656">
    <error message="no such window: target window already closed
from unknown error: web view not found
  (Session info: chrome=133.0.6943.127)
Build info: version: &#039;4.24.0&#039;, revision: &#039;748ffc9bc3&#039;
System info: os.name: &#039;Windows 11&#039;, os.arch: &#039;amd64&#039;, os.version: &#039;10.0&#039;, java.version: &#039;17.0.8&#039;
Driver info: org.openqa.selenium.chrome.ChromeDriver
Command: [e1ce83e83493938e5ddb46e3a34258bb, findElement {value=email, using=id}]
Capabilities {acceptInsecureCerts: false, browserName: chrome, browserVersion: 133.0.6943.127, chrome: {chromedriverVersion: 133.0.6943.141 (2a5d6da0d61..., userDataDir: C:\Users\Lenovo\AppData\Loc...}, fedcm:accounts: true, goog:chromeOptions: {debuggerAddress: localhost:49840}, networkConnectionEnabled: false, pageLoadStrategy: normal, platformName: windows, proxy: Proxy(), se:cdp: ws://localhost:49840/devtoo..., se:cdpVersion: 133.0.6943.127, setWindowRect: true, strictFileInteractability: false, timeouts: {implicit: 0, pageLoad: 300000, script: 30000}, unhandledPromptBehavior: dismiss and notify, webauthn:extension:credBlob: true, webauthn:extension:largeBlob: true, webauthn:extension:minPinLength: true, webauthn:extension:prf: true, webauthn:virtualAuthenticators: true}
Session ID: e1ce83e83493938e5ddb46e3a34258bb" type="org.openqa.selenium.NoSuchWindowException">
      <![CDATA[org.openqa.selenium.NoSuchWindowException: no such window: target window already closed
from unknown error: web view not found
  (Session info: chrome=133.0.6943.127)
Build info: version: '4.24.0', revision: '748ffc9bc3'
System info: os.name: 'Windows 11', os.arch: 'amd64', os.version: '10.0', java.version: '17.0.8'
Driver info: org.openqa.selenium.chrome.ChromeDriver
Command: [e1ce83e83493938e5ddb46e3a34258bb, findElement {value=email, using=id}]
Capabilities {acceptInsecureCerts: false, browserName: chrome, browserVersion: 133.0.6943.127, chrome: {chromedriverVersion: 133.0.6943.141 (2a5d6da0d61..., userDataDir: C:\Users\Lenovo\AppData\Loc...}, fedcm:accounts: true, goog:chromeOptions: {debuggerAddress: localhost:49840}, networkConnectionEnabled: false, pageLoadStrategy: normal, platformName: windows, proxy: Proxy(), se:cdp: ws://localhost:49840/devtoo..., se:cdpVersion: 133.0.6943.127, setWindowRect: true, strictFileInteractability: false, timeouts: {implicit: 0, pageLoad: 300000, script: 30000}, unhandledPromptBehavior: dismiss and notify, webauthn:extension:credBlob: true, webauthn:extension:largeBlob: true, webauthn:extension:minPinLength: true, webauthn:extension:prf: true, webauthn:virtualAuthenticators: true}
Session ID: e1ce83e83493938e5ddb46e3a34258bb
at java.base/jdk.internal.reflect.NativeConstructorAccessorImpl.newInstance0(Native Method)
at java.base/jdk.internal.reflect.NativeConstructorAccessorImpl.newInstance(NativeConstructorAccessorImpl.java:77)
at java.base/jdk.internal.reflect.DelegatingConstructorAccessorImpl.newInstance(DelegatingConstructorAccessorImpl.java:45)
at java.base/java.lang.reflect.Constructor.newInstanceWithCaller(Constructor.java:499)
at java.base/java.lang.reflect.Constructor.newInstance(Constructor.java:480)
at org.openqa.selenium.remote.ErrorCodec.decode(ErrorCodec.java:167)
at org.openqa.selenium.remote.codec.w3c.W3CHttpResponseCodec.decode(W3CHttpResponseCodec.java:138)
at org.openqa.selenium.remote.codec.w3c.W3CHttpResponseCodec.decode(W3CHttpResponseCodec.java:50)
at org.openqa.selenium.remote.HttpCommandExecutor.execute(HttpCommandExecutor.java:190)
at org.openqa.selenium.remote.service.DriverCommandExecutor.invokeExecute(DriverCommandExecutor.java:216)
at org.openqa.selenium.remote.service.DriverCommandExecutor.execute(DriverCommandExecutor.java:174)
at org.openqa.selenium.remote.RemoteWebDriver.execute(RemoteWebDriver.java:545)
at org.openqa.selenium.remote.ElementLocation$ElementFinder$2.findElement(ElementLocation.java:165)
at org.openqa.selenium.remote.ElementLocation.findElement(ElementLocation.java:66)
at org.openqa.selenium.remote.RemoteWebDriver.findElement(RemoteWebDriver.java:368)
at org.openqa.selenium.remote.RemoteWebDriver.findElement(RemoteWebDriver.java:362)
at org.openqa.selenium.support.pagefactory.DefaultElementLocator.findElement(DefaultElementLocator.java:68)
at org.openqa.selenium.support.pagefactory.internal.LocatingElementHandler.invoke(LocatingElementHandler.java:38)
at jdk.proxy2/jdk.proxy2.$Proxy13.sendKeys(Unknown Source)
at BaseDetail.BaseDetail.inputValue(BaseDetail.java:61)
at POM.AddLinkPage.validCred(AddLinkPage.java:385)
at LinkHive.LinkHive.AddLinkTest.setUp(AddLinkTest.java:27)
at java.base/jdk.internal.reflect.NativeMethodAccessorImpl.invoke0(Native Method)
at java.base/jdk.internal.reflect.NativeMethodAccessorImpl.invoke(NativeMethodAccessorImpl.java:77)
at java.base/jdk.internal.reflect.DelegatingMethodAccessorImpl.invoke(DelegatingMethodAccessorImpl.java:43)
at java.base/java.lang.reflect.Method.invoke(Method.java:568)
at org.testng.internal.invokers.MethodInvocationHelper.invokeMethod(MethodInvocationHelper.java:141)
at org.testng.internal.invokers.MethodInvocationHelper.invokeMethodConsideringTimeout(MethodInvocationHelper.java:71)
at org.testng.internal.invokers.ConfigInvoker.invokeConfigurationMethod(ConfigInvoker.java:400)
at org.testng.internal.invokers.ConfigInvoker.invokeConfigurations(ConfigInvoker.java:333)
at org.testng.TestRunner.invokeTestConfigurations(TestRunner.java:655)
at org.testng.TestRunner.beforeRun(TestRunner.java:644)
at org.testng.TestRunner.run(TestRunner.java:610)
at org.testng.SuiteRunner.runTest(SuiteRunner.java:421)
at org.testng.SuiteRunner.runSequentially(SuiteRunner.java:413)
at org.testng.SuiteRunner.privateRun(SuiteRunner.java:373)
at org.testng.SuiteRunner.run(SuiteRunner.java:312)
at org.testng.SuiteRunnerWorker.runSuite(SuiteRunnerWorker.java:52)
at org.testng.SuiteRunnerWorker.run(SuiteRunnerWorker.java:95)
at org.testng.TestNG.runSuitesSequentially(TestNG.java:1274)
at org.testng.TestNG.runSuitesLocally(TestNG.java:1208)
at org.testng.TestNG.runSuites(TestNG.java:1112)
at org.testng.TestNG.run(TestNG.java:1079)
at org.testng.remote.AbstractRemoteTestNG.run(AbstractRemoteTestNG.java:115)
at org.testng.remote.RemoteTestNG.initAndRun(RemoteTestNG.java:293)
at org.testng.remote.RemoteTestNG.main(RemoteTestNG.java:91)
]]>
    </error>
  </testcase> <!-- setUp -->
  <testcase classname="LinkHive.LinkHive.AddLinkTest" name="verify_CurrentUrl" time="0.000">
    <skipped/>
  </testcase> <!-- verify_CurrentUrl -->
  <testcase classname="LinkHive.LinkHive.AddLinkTest" name="verify_CurrentTitle" time="0.000">
    <skipped/>
  </testcase> <!-- verify_CurrentTitle -->
  <testcase classname="LinkHive.LinkHive.AddLinkTest" name="verify_linkHiveLogo" time="0.000">
    <skipped/>
  </testcase> <!-- verify_linkHiveLogo -->
  <testcase classname="LinkHive.LinkHive.AddLinkTest" name="verify_addLink_Spelling" time="0.000">
    <skipped/>
  </testcase> <!-- verify_addLink_Spelling -->
  <testcase classname="LinkHive.LinkHive.AddLinkTest" name="verify_addLinkButton_enableOrNot" time="0.000">
    <skipped/>
  </testcase> <!-- verify_addLinkButton_enableOrNot -->
  <testcase classname="LinkHive.LinkHive.AddLinkTest" name="verify_AddpopUpDisplay" time="0.000">
    <skipped/>
  </testcase> <!-- verify_AddpopUpDisplay -->
  <testcase classname="LinkHive.LinkHive.AddLinkTest" name="verify_AddLink_Spelling" time="0.000">
    <skipped/>
  </testcase> <!-- verify_AddLink_Spelling -->
  <testcase classname="LinkHive.LinkHive.AddLinkTest" name="verify_titleLabel_Spelling" time="0.000">
    <skipped/>
  </testcase> <!-- verify_titleLabel_Spelling -->
  <testcase classname="LinkHive.LinkHive.AddLinkTest" name="verify_titlePlaceHolder" time="0.000">
    <skipped/>
  </testcase> <!-- verify_titlePlaceHolder -->
  <testcase classname="LinkHive.LinkHive.AddLinkTest" name="verify_titleEnabled_orNot" time="0.000">
    <skipped/>
  </testcase> <!-- verify_titleEnabled_orNot -->
  <testcase classname="LinkHive.LinkHive.AddLinkTest" name="verify_url_Spelling" time="0.000">
    <skipped/>
  </testcase> <!-- verify_url_Spelling -->
  <testcase classname="LinkHive.LinkHive.AddLinkTest" name="verify_urlPlaceHolder_Spelling" time="0.000">
    <skipped/>
  </testcase> <!-- verify_urlPlaceHolder_Spelling -->
  <testcase classname="LinkHive.LinkHive.AddLinkTest" name="verify_urlEnabled_orNot" time="0.000">
    <skipped/>
  </testcase> <!-- verify_urlEnabled_orNot -->
  <testcase classname="LinkHive.LinkHive.AddLinkTest" name="verify_descriptionLabelSpelling" time="0.000">
    <skipped/>
  </testcase> <!-- verify_descriptionLabelSpelling -->
  <testcase classname="LinkHive.LinkHive.AddLinkTest" name="verify_descriptionPlaceHolder_Spelling" time="0.000">
    <skipped/>
  </testcase> <!-- verify_descriptionPlaceHolder_Spelling -->
  <testcase classname="LinkHive.LinkHive.AddLinkTest" name="verify_descriptionEnabled_orNot" time="0.000">
    <skipped/>
  </testcase> <!-- verify_descriptionEnabled_orNot -->
  <testcase classname="LinkHive.LinkHive.AddLinkTest" name="verify_addLink_Spellings" time="0.000">
    <skipped/>
  </testcase> <!-- verify_addLink_Spellings -->
  <testcase classname="LinkHive.LinkHive.AddLinkTest" name="verify_addLinkEnabled_orNot" time="0.000">
    <skipped/>
  </testcase> <!-- verify_addLinkEnabled_orNot -->
  <testcase classname="LinkHive.LinkHive.AddLinkTest" name="verify_deletePopUpDisplay" time="0.000">
    <skipped/>
  </testcase> <!-- verify_deletePopUpDisplay -->
  <testcase classname="LinkHive.LinkHive.AddLinkTest" name="verify_AreyouSure_Spelling" time="0.000">
    <skipped/>
  </testcase> <!-- verify_AreyouSure_Spelling -->
  <testcase classname="LinkHive.LinkHive.AddLinkTest" name="verify_deleteConform_Spelling" time="0.000">
    <skipped/>
  </testcase> <!-- verify_deleteConform_Spelling -->
  <testcase classname="LinkHive.LinkHive.AddLinkTest" name="verify_deleteIt_Spelling" time="0.000">
    <skipped/>
  </testcase> <!-- verify_deleteIt_Spelling -->
  <testcase classname="LinkHive.LinkHive.AddLinkTest" name="verify_deleteButton_enabledOrNot" time="0.000">
    <skipped/>
  </testcase> <!-- verify_deleteButton_enabledOrNot -->
  <testcase classname="LinkHive.LinkHive.AddLinkTest" name="verify_closeButton_Spelling" time="0.000">
    <skipped/>
  </testcase> <!-- verify_closeButton_Spelling -->
  <testcase classname="LinkHive.LinkHive.AddLinkTest" name="verify_closeButton_enabledOrNot" time="0.000">
    <skipped/>
  </testcase> <!-- verify_closeButton_enabledOrNot -->
  <testcase classname="LinkHive.LinkHive.AddLinkTest" name="verify_closeButtonIsWorkingOrNot" time="0.000">
    <skipped/>
  </testcase> <!-- verify_closeButtonIsWorkingOrNot -->
  <testcase classname="LinkHive.LinkHive.AddLinkTest" name="verify_createdLinkIsDisplayedOrNot" time="0.000">
    <skipped/>
  </testcase> <!-- verify_createdLinkIsDisplayedOrNot -->
  <testcase classname="LinkHive.LinkHive.AddLinkTest" name="verify_AddLink" time="0.000">
    <skipped/>
  </testcase> <!-- verify_AddLink -->
  <testcase classname="LinkHive.LinkHive.AddLinkTest" name="verify_AddLink" time="0.000">
    <skipped/>
  </testcase> <!-- verify_AddLink -->
  <testcase classname="LinkHive.LinkHive.AddLinkTest" name="verify_AddLink" time="0.000">
    <skipped/>
  </testcase> <!-- verify_AddLink -->
  <testcase classname="LinkHive.LinkHive.AddLinkTest" name="verify_AddLink" time="0.000">
    <skipped/>
  </testcase> <!-- verify_AddLink -->
  <testcase classname="LinkHive.LinkHive.AddLinkTest" name="verify_AddLink" time="0.000">
    <skipped/>
  </testcase> <!-- verify_AddLink -->
  <testcase classname="LinkHive.LinkHive.AddLinkTest" name="verify_AddLink" time="0.000">
    <skipped/>
  </testcase> <!-- verify_AddLink -->
  <testcase classname="LinkHive.LinkHive.AddLinkTest" name="verify_AddLink" time="0.000">
    <skipped/>
  </testcase> <!-- verify_AddLink -->
  <testcase classname="LinkHive.LinkHive.AddLinkTest" name="verify_AddLink" time="0.000">
    <skipped/>
  </testcase> <!-- verify_AddLink -->
  <testcase classname="LinkHive.LinkHive.AddLinkTest" name="verify_AddLink" time="0.000">
    <skipped/>
  </testcase> <!-- verify_AddLink -->
  <testcase classname="LinkHive.LinkHive.AddLinkTest" name="verify_AddLink" time="0.000">
    <skipped/>
  </testcase> <!-- verify_AddLink -->
  <testcase classname="LinkHive.LinkHive.AddLinkTest" name="verify_AddLink" time="0.000">
    <skipped/>
  </testcase> <!-- verify_AddLink -->
  <testcase classname="LinkHive.LinkHive.AddLinkTest" name="verify_AddLink" time="0.000">
    <skipped/>
  </testcase> <!-- verify_AddLink -->
  <testcase classname="LinkHive.LinkHive.AddLinkTest" name="verify_AddLink" time="0.000">
    <skipped/>
  </testcase> <!-- verify_AddLink -->
</testsuite> <!-- LinkHive.LinkHive.AddLinkTest -->
