<?xml version="1.0" encoding="UTF-8"?>
<!-- Generated by org.testng.reporters.JUnitReportReporter -->
<testsuite hostname="DESKTOP-JAQ1CI6" failures="0" tests="27" name="LinkHive.LinkHive.EditLinkTest" time="0.001" errors="0" timestamp="2025-02-26T17:07:07 IST" skipped="27">
  <testcase classname="LinkHive.LinkHive.EditLinkTest" name="verify_editSpelling" time="0.000">
    <skipped/>
  </testcase> <!-- verify_editSpelling -->
  <testcase classname="LinkHive.LinkHive.EditLinkTest" name="verify_editPopUpDisplay" time="0.001">
    <skipped/>
  </testcase> <!-- verify_editPopUpDisplay -->
  <testcase classname="LinkHive.LinkHive.EditLinkTest" name="verify_editLinkSpelling" time="0.000">
    <skipped/>
  </testcase> <!-- verify_editLinkSpelling -->
  <testcase classname="LinkHive.LinkHive.EditLinkTest" name="verify_titleLabel_Spelling" time="0.000">
    <skipped/>
  </testcase> <!-- verify_titleLabel_Spelling -->
  <testcase classname="LinkHive.LinkHive.EditLinkTest" name="verify_titlePlaceHolder" time="0.000">
    <skipped/>
  </testcase> <!-- verify_titlePlaceHolder -->
  <testcase classname="LinkHive.LinkHive.EditLinkTest" name="verify_titleEnabled_orNot" time="0.000">
    <skipped/>
  </testcase> <!-- verify_titleEnabled_orNot -->
  <testcase classname="LinkHive.LinkHive.EditLinkTest" name="verify_url_Spelling" time="0.000">
    <skipped/>
  </testcase> <!-- verify_url_Spelling -->
  <testcase classname="LinkHive.LinkHive.EditLinkTest" name="verify_urlPlaceHolder_Spelling" time="0.000">
    <skipped/>
  </testcase> <!-- verify_urlPlaceHolder_Spelling -->
  <testcase classname="LinkHive.LinkHive.EditLinkTest" name="verify_urlEnabled_orNot" time="0.000">
    <skipped/>
  </testcase> <!-- verify_urlEnabled_orNot -->
  <testcase classname="LinkHive.LinkHive.EditLinkTest" name="verify_descriptionLabelSpelling" time="0.000">
    <skipped/>
  </testcase> <!-- verify_descriptionLabelSpelling -->
  <testcase classname="LinkHive.LinkHive.EditLinkTest" name="verify_descriptionPlaceHolder_Spelling" time="0.000">
    <skipped/>
  </testcase> <!-- verify_descriptionPlaceHolder_Spelling -->
  <testcase classname="LinkHive.LinkHive.EditLinkTest" name="verify_descriptionEnabled_orNot" time="0.000">
    <skipped/>
  </testcase> <!-- verify_descriptionEnabled_orNot -->
  <testcase classname="LinkHive.LinkHive.EditLinkTest" name="verify_updateChanges_Spellings" time="0.000">
    <skipped/>
  </testcase> <!-- verify_updateChanges_Spellings -->
  <testcase classname="LinkHive.LinkHive.EditLinkTest" name="verify_addLinkEnabled_orNot" time="0.000">
    <skipped/>
  </testcase> <!-- verify_addLinkEnabled_orNot -->
  <testcase classname="LinkHive.LinkHive.EditLinkTest" name="EditLink" time="0.000">
    <skipped/>
  </testcase> <!-- EditLink -->
  <testcase classname="LinkHive.LinkHive.EditLinkTest" name="EditLink" time="0.000">
    <skipped/>
  </testcase> <!-- EditLink -->
  <testcase classname="LinkHive.LinkHive.EditLinkTest" name="EditLink" time="0.000">
    <skipped/>
  </testcase> <!-- EditLink -->
  <testcase classname="LinkHive.LinkHive.EditLinkTest" name="EditLink" time="0.000">
    <skipped/>
  </testcase> <!-- EditLink -->
  <testcase classname="LinkHive.LinkHive.EditLinkTest" name="EditLink" time="0.000">
    <skipped/>
  </testcase> <!-- EditLink -->
  <testcase classname="LinkHive.LinkHive.EditLinkTest" name="EditLink" time="0.000">
    <skipped/>
  </testcase> <!-- EditLink -->
  <testcase classname="LinkHive.LinkHive.EditLinkTest" name="EditLink" time="0.000">
    <skipped/>
  </testcase> <!-- EditLink -->
  <testcase classname="LinkHive.LinkHive.EditLinkTest" name="EditLink" time="0.000">
    <skipped/>
  </testcase> <!-- EditLink -->
  <testcase classname="LinkHive.LinkHive.EditLinkTest" name="EditLink" time="0.000">
    <skipped/>
  </testcase> <!-- EditLink -->
  <testcase classname="LinkHive.LinkHive.EditLinkTest" name="EditLink" time="0.000">
    <skipped/>
  </testcase> <!-- EditLink -->
  <testcase classname="LinkHive.LinkHive.EditLinkTest" name="EditLink" time="0.000">
    <skipped/>
  </testcase> <!-- EditLink -->
  <testcase classname="LinkHive.LinkHive.EditLinkTest" name="EditLink" time="0.000">
    <skipped/>
  </testcase> <!-- EditLink -->
  <testcase classname="LinkHive.LinkHive.EditLinkTest" name="EditLink" time="0.000">
    <skipped/>
  </testcase> <!-- EditLink -->
</testsuite> <!-- LinkHive.LinkHive.EditLinkTest -->
