<?xml version="1.0" encoding="UTF-8"?>
<!-- Generated by org.testng.reporters.JUnitReportReporter -->
<testsuite hostname="DESKTOP-JAQ1CI6" failures="1" tests="36" name="LinkHive.LinkHive.ThemeSettingsTest" time="6.701" errors="0" timestamp="2025-02-25T11:38:10 IST" skipped="0">
  <testcase classname="LinkHive.LinkHive.ThemeSettingsTest" name="verify_clickThemeSettingsAndOverViewTextIsDisplayOrNot" time="0.798"/>
  <testcase classname="LinkHive.LinkHive.ThemeSettingsTest" name="verify_overViewSpelling" time="0.060"/>
  <testcase classname="LinkHive.LinkHive.ThemeSettingsTest" name="verify_editBtnSpelling" time="0.087"/>
  <testcase classname="LinkHive.LinkHive.ThemeSettingsTest" name="verify_editImageBtnEnable" time="0.087"/>
  <testcase classname="LinkHive.LinkHive.ThemeSettingsTest" name="verify_removeBtnSpelling" time="0.114"/>
  <testcase classname="LinkHive.LinkHive.ThemeSettingsTest" name="verify_removeBtnEnable" time="0.051"/>
  <testcase classname="LinkHive.LinkHive.ThemeSettingsTest" name="verify_titleLabelSpelling" time="0.065"/>
  <testcase classname="LinkHive.LinkHive.ThemeSettingsTest" name="verify_titleInputEnable" time="0.119"/>
  <testcase classname="LinkHive.LinkHive.ThemeSettingsTest" name="verify_descriptionLabelSpelling" time="0.086"/>
  <testcase classname="LinkHive.LinkHive.ThemeSettingsTest" name="verify_descriptionInputEnable" time="0.083"/>
  <testcase classname="LinkHive.LinkHive.ThemeSettingsTest" name="verify_layOutSpelling" time="0.087"/>
  <testcase classname="LinkHive.LinkHive.ThemeSettingsTest" name="verify_buildYourOwnTextSpelling" time="0.172"/>
  <testcase classname="LinkHive.LinkHive.ThemeSettingsTest" name="verify_SelectedImageIsReflectedToPreview" time="0.517"/>
  <testcase classname="LinkHive.LinkHive.ThemeSettingsTest" name="verify_backgroundSpelling" time="0.120"/>
  <testcase classname="LinkHive.LinkHive.ThemeSettingsTest" name="verify_chooseModepelling" time="0.129"/>
  <testcase classname="LinkHive.LinkHive.ThemeSettingsTest" name="verify_flatColourSpelling" time="0.151"/>
  <testcase classname="LinkHive.LinkHive.ThemeSettingsTest" name="verify_gradientSpelling" time="0.049"/>
  <testcase classname="LinkHive.LinkHive.ThemeSettingsTest" name="verify_imageTextSpelling" time="0.054"/>
  <testcase classname="LinkHive.LinkHive.ThemeSettingsTest" name="verify_backgroundImageTextDisplay" time="2.612"/>
  <testcase classname="LinkHive.LinkHive.ThemeSettingsTest" name="verify_buttonStyleTextSpelling" time="0.094"/>
  <testcase classname="LinkHive.LinkHive.ThemeSettingsTest" name="verify_buttonColourTextSpelling" time="0.084"/>
  <testcase classname="LinkHive.LinkHive.ThemeSettingsTest" name="verify_textColourSpelling" time="0.080"/>
  <testcase classname="LinkHive.LinkHive.ThemeSettingsTest" name="verify_borderColourTextSpelling" time="0.086"/>
  <testcase classname="LinkHive.LinkHive.ThemeSettingsTest" name="verify_rectangleTextSpelling" time="0.143"/>
  <testcase classname="LinkHive.LinkHive.ThemeSettingsTest" name="verify_solidTextSpelling" time="0.067"/>
  <testcase classname="LinkHive.LinkHive.ThemeSettingsTest" name="verify_outlineTextSpelling" time="0.052"/>
  <testcase classname="LinkHive.LinkHive.ThemeSettingsTest" name="verify_roundTextSpelling" time="0.053"/>
  <testcase classname="LinkHive.LinkHive.ThemeSettingsTest" name="verify_roundOutTextSpelling" time="0.102"/>
  <testcase classname="LinkHive.LinkHive.ThemeSettingsTest" name="verify_pillTextSpelling" time="0.052"/>
  <testcase classname="LinkHive.LinkHive.ThemeSettingsTest" name="verify_iconStyleTextSpelling" time="0.056"/>
  <testcase classname="LinkHive.LinkHive.ThemeSettingsTest" name="verify_iconColourTextSpelling" time="0.051"/>
  <testcase classname="LinkHive.LinkHive.ThemeSettingsTest" name="verify_fontStyleTextSpelling" time="0.165"/>
  <testcase classname="LinkHive.LinkHive.ThemeSettingsTest" name="verify_chooseFontFamilyTextSpelling" time="0.054"/>
  <testcase classname="LinkHive.LinkHive.ThemeSettingsTest" name="verify_globalTextColourSpelling" time="0.045"/>
  <testcase classname="LinkHive.LinkHive.ThemeSettingsTest" name="verify_saveChangesTextSpelling" time="0.043">
    <failure message="expected [Save Changes] but found []" type="java.lang.AssertionError">
      <![CDATA[java.lang.AssertionError: expected [Save Changes] but found []
at org.testng.Assert.fail(Assert.java:111)
at org.testng.Assert.failNotEquals(Assert.java:1578)
at org.testng.Assert.assertEqualsImpl(Assert.java:150)
at org.testng.Assert.assertEquals(Assert.java:132)
at org.testng.Assert.assertEquals(Assert.java:656)
at org.testng.Assert.assertEquals(Assert.java:666)
at LinkHive.LinkHive.ThemeSettingsTest.verify_saveChangesTextSpelling(ThemeSettingsTest.java:255)
at java.base/jdk.internal.reflect.NativeMethodAccessorImpl.invoke0(Native Method)
at java.base/jdk.internal.reflect.NativeMethodAccessorImpl.invoke(NativeMethodAccessorImpl.java:77)
at java.base/jdk.internal.reflect.DelegatingMethodAccessorImpl.invoke(DelegatingMethodAccessorImpl.java:43)
at java.base/java.lang.reflect.Method.invoke(Method.java:568)
at org.testng.internal.invokers.MethodInvocationHelper.invokeMethod(MethodInvocationHelper.java:141)
at org.testng.internal.invokers.TestInvoker.invokeMethod(TestInvoker.java:686)
at org.testng.internal.invokers.TestInvoker.invokeTestMethod(TestInvoker.java:230)
at org.testng.internal.invokers.MethodRunner.runInSequence(MethodRunner.java:63)
at org.testng.internal.invokers.TestInvoker$MethodInvocationAgent.invoke(TestInvoker.java:992)
at org.testng.internal.invokers.TestInvoker.invokeTestMethods(TestInvoker.java:203)
at org.testng.internal.invokers.TestMethodWorker.invokeTestMethods(TestMethodWorker.java:154)
at org.testng.internal.invokers.TestMethodWorker.run(TestMethodWorker.java:134)
at java.base/java.util.ArrayList.forEach(ArrayList.java:1511)
at org.testng.TestRunner.privateRun(TestRunner.java:739)
at org.testng.TestRunner.run(TestRunner.java:614)
at org.testng.SuiteRunner.runTest(SuiteRunner.java:421)
at org.testng.SuiteRunner.runSequentially(SuiteRunner.java:413)
at org.testng.SuiteRunner.privateRun(SuiteRunner.java:373)
at org.testng.SuiteRunner.run(SuiteRunner.java:312)
at org.testng.SuiteRunnerWorker.runSuite(SuiteRunnerWorker.java:52)
at org.testng.SuiteRunnerWorker.run(SuiteRunnerWorker.java:95)
at org.testng.TestNG.runSuitesSequentially(TestNG.java:1274)
at org.testng.TestNG.runSuitesLocally(TestNG.java:1208)
at org.testng.TestNG.runSuites(TestNG.java:1112)
at org.testng.TestNG.run(TestNG.java:1079)
at org.testng.remote.AbstractRemoteTestNG.run(AbstractRemoteTestNG.java:115)
at org.testng.remote.RemoteTestNG.initAndRun(RemoteTestNG.java:293)
at org.testng.remote.RemoteTestNG.main(RemoteTestNG.java:91)
]]>
    </failure>
  </testcase> <!-- verify_saveChangesTextSpelling -->
  <testcase classname="LinkHive.LinkHive.ThemeSettingsTest" name="verify_saveChangesBtnEnable" time="0.033"/>
</testsuite> <!-- LinkHive.LinkHive.ThemeSettingsTest -->
